<?xml version="1.0" encoding="UTF-8"?>
<coverage generated="1783650917639" clover="3.2.0">
  <project timestamp="1783650917639" name="All files">
    <metrics statements="360" coveredstatements="232" conditionals="250" coveredconditionals="137" methods="66" coveredmethods="43" elements="676" coveredelements="412" complexity="0" loc="360" ncloc="360" packages="1" files="1" classes="1"/>
    <file name="app.js" path="C:\Users\pauja\Downloads\Sanos-y-Salvos-Frontend-main\app.js">
      <metrics statements="360" coveredstatements="232" conditionals="250" coveredconditionals="137" methods="66" coveredmethods="43"/>
      <line num="1" count="33" type="stmt"/>
      <line num="2" count="33" type="stmt"/>
      <line num="3" count="33" type="stmt"/>
      <line num="4" count="33" type="stmt"/>
      <line num="5" count="33" type="stmt"/>
      <line num="6" count="33" type="stmt"/>
      <line num="7" count="33" type="stmt"/>
      <line num="8" count="33" type="stmt"/>
      <line num="9" count="33" type="stmt"/>
      <line num="10" count="33" type="stmt"/>
      <line num="11" count="33" type="stmt"/>
      <line num="12" count="33" type="stmt"/>
      <line num="13" count="33" type="stmt"/>
      <line num="14" count="33" type="stmt"/>
      <line num="15" count="33" type="stmt"/>
      <line num="16" count="33" type="stmt"/>
      <line num="17" count="33" type="stmt"/>
      <line num="18" count="33" type="stmt"/>
      <line num="19" count="33" type="stmt"/>
      <line num="20" count="33" type="stmt"/>
      <line num="22" count="33" type="stmt"/>
      <line num="41" count="33" type="stmt"/>
      <line num="43" count="33" type="stmt"/>
      <line num="51" count="33" type="stmt"/>
      <line num="57" count="33" type="stmt"/>
      <line num="64" count="33" type="stmt"/>
      <line num="65" count="33" type="stmt"/>
      <line num="66" count="33" type="stmt"/>
      <line num="67" count="99" type="stmt"/>
      <line num="68" count="33" type="stmt"/>
      <line num="69" count="33" type="stmt"/>
      <line num="70" count="33" type="stmt"/>
      <line num="71" count="33" type="stmt"/>
      <line num="72" count="33" type="stmt"/>
      <line num="73" count="33" type="stmt"/>
      <line num="77" count="33" type="stmt"/>
      <line num="78" count="33" type="stmt"/>
      <line num="79" count="561" type="stmt"/>
      <line num="83" count="33" type="stmt"/>
      <line num="84" count="33" type="stmt"/>
      <line num="85" count="33" type="stmt"/>
      <line num="87" count="759" type="stmt"/>
      <line num="88" count="363" type="stmt"/>
      <line num="90" count="561" type="stmt"/>
      <line num="94" count="3" type="stmt"/>
      <line num="95" count="3" type="stmt"/>
      <line num="96" count="3" type="cond" truecount="2" falsecount="0"/>
      <line num="97" count="2" type="cond" truecount="2" falsecount="0"/>
      <line num="98" count="1" type="stmt"/>
      <line num="99" count="67" type="stmt"/>
      <line num="103" count="33" type="stmt"/>
      <line num="104" count="33" type="cond" truecount="1" falsecount="1"/>
      <line num="105" count="33" type="stmt"/>
      <line num="106" count="759" type="stmt"/>
      <line num="110" count="33" type="stmt"/>
      <line num="111" count="33" type="stmt"/>
      <line num="112" count="33" type="stmt"/>
      <line num="113" count="33" type="stmt"/>
      <line num="114" count="33" type="stmt"/>
      <line num="115" count="0" type="stmt"/>
      <line num="116" count="0" type="stmt"/>
      <line num="117" count="0" type="cond" truecount="0" falsecount="2"/>
      <line num="119" count="33" type="stmt"/>
      <line num="120" count="33" type="stmt"/>
      <line num="121" count="0" type="cond" truecount="0" falsecount="2"/>
      <line num="122" count="0" type="stmt"/>
      <line num="128" count="34" type="stmt"/>
      <line num="129" count="34" type="stmt"/>
      <line num="130" count="34" type="cond" truecount="1" falsecount="1"/>
      <line num="131" count="34" type="cond" truecount="2" falsecount="0"/>
      <line num="132" count="334" type="stmt"/>
      <line num="133" count="1" type="cond" truecount="1" falsecount="1"/>
      <line num="135" count="33" type="stmt"/>
      <line num="136" count="528" type="stmt"/>
      <line num="137" count="11022" type="cond" truecount="1" falsecount="1"/>
      <line num="140" count="34" type="stmt"/>
      <line num="144" count="3" type="stmt"/>
      <line num="145" count="3" type="cond" truecount="2" falsecount="0"/>
      <line num="146" count="3" type="stmt"/>
      <line num="147" count="3" type="stmt"/>
      <line num="151" count="99" type="cond" truecount="2" falsecount="0"/>
      <line num="152" count="99" type="stmt"/>
      <line num="153" count="66" type="cond" truecount="1" falsecount="1"/>
      <line num="154" count="33" type="cond" truecount="1" falsecount="1"/>
      <line num="155" count="33" type="cond" truecount="1" falsecount="1"/>
      <line num="156" count="33" type="cond" truecount="1" falsecount="1"/>
      <line num="157" count="33" type="cond" truecount="1" falsecount="1"/>
      <line num="161" count="33" type="stmt"/>
      <line num="162" count="33" type="stmt"/>
      <line num="163" count="33" type="cond" truecount="1" falsecount="1"/>
      <line num="168" count="33" type="stmt"/>
      <line num="169" count="33" type="stmt"/>
      <line num="170" count="33" type="cond" truecount="1" falsecount="1"/>
      <line num="175" count="35" type="stmt"/>
      <line num="183" count="37" type="stmt"/>
      <line num="190" count="3" type="stmt"/>
      <line num="191" count="3" type="stmt"/>
      <line num="192" count="3" type="stmt"/>
      <line num="193" count="3" type="stmt"/>
      <line num="194" count="3" type="stmt"/>
      <line num="198" count="12" type="stmt"/>
      <line num="199" count="12" type="stmt"/>
      <line num="200" count="12" type="stmt"/>
      <line num="201" count="12" type="stmt"/>
      <line num="202" count="12" type="stmt"/>
      <line num="203" count="12" type="stmt"/>
      <line num="204" count="27" type="cond" truecount="4" falsecount="0"/>
      <line num="205" count="4" type="cond" truecount="3" falsecount="1"/>
      <line num="206" count="3" type="cond" truecount="1" falsecount="1"/>
      <line num="207" count="12" type="stmt"/>
      <line num="208" count="23" type="cond" truecount="2" falsecount="1"/>
      <line num="209" count="23" type="cond" truecount="2" falsecount="1"/>
      <line num="210" count="23" type="cond" truecount="1" falsecount="1"/>
      <line num="211" count="23" type="cond" truecount="4" falsecount="0"/>
      <line num="212" count="23" type="cond" truecount="2" falsecount="0"/>
      <line num="213" count="23" type="cond" truecount="1" falsecount="1"/>
      <line num="214" count="23" type="cond" truecount="1" falsecount="1"/>
      <line num="215" count="23" type="cond" truecount="2" falsecount="0"/>
      <line num="216" count="23" type="cond" truecount="2" falsecount="0"/>
      <line num="217" count="23" type="cond" truecount="6" falsecount="0"/>
      <line num="219" count="12" type="stmt"/>
      <line num="223" count="45" type="stmt"/>
      <line num="224" count="45" type="cond" truecount="2" falsecount="0"/>
      <line num="225" count="1" type="stmt"/>
      <line num="226" count="1" type="stmt"/>
      <line num="227" count="1" type="stmt"/>
      <line num="229" count="44" type="stmt"/>
      <line num="230" count="80" type="cond" truecount="6" falsecount="0"/>
      <line num="231" count="80" type="cond" truecount="4" falsecount="0"/>
      <line num="232" count="80" type="stmt"/>
      <line num="233" count="80" type="cond" truecount="2" falsecount="0"/>
      <line num="235" count="80" type="cond" truecount="2" falsecount="0"/>
      <line num="236" count="5" type="cond" truecount="2" falsecount="0"/>
      <line num="237" count="1" type="stmt"/>
      <line num="238" count="80" type="stmt"/>
      <line num="239" count="80" type="cond" truecount="2" falsecount="0"/>
      <line num="240" count="80" type="cond" truecount="1" falsecount="1"/>
      <line num="244" count="80" type="cond" truecount="2" falsecount="0"/>
      <line num="245" count="79" type="cond" truecount="2" falsecount="0"/>
      <line num="246" count="75" type="stmt"/>
      <line num="247" count="80" type="stmt"/>
      <line num="265" count="44" type="stmt"/>
      <line num="269" count="6" type="stmt"/>
      <line num="270" count="6" type="stmt"/>
      <line num="271" count="6" type="stmt"/>
      <line num="272" count="6" type="cond" truecount="4" falsecount="0"/>
      <line num="273" count="6" type="cond" truecount="2" falsecount="0"/>
      <line num="274" count="6" type="cond" truecount="2" falsecount="0"/>
      <line num="275" count="6" type="cond" truecount="2" falsecount="0"/>
      <line num="276" count="6" type="cond" truecount="2" falsecount="0"/>
      <line num="277" count="6" type="cond" truecount="1" falsecount="1"/>
      <line num="278" count="6" type="cond" truecount="1" falsecount="1"/>
      <line num="279" count="6" type="cond" truecount="1" falsecount="1"/>
      <line num="280" count="6" type="cond" truecount="1" falsecount="1"/>
      <line num="281" count="6" type="cond" truecount="1" falsecount="1"/>
      <line num="282" count="6" type="cond" truecount="2" falsecount="0"/>
      <line num="283" count="6" type="cond" truecount="1" falsecount="1"/>
      <line num="284" count="6" type="cond" truecount="1" falsecount="1"/>
      <line num="285" count="6" type="cond" truecount="1" falsecount="1"/>
      <line num="286" count="6" type="cond" truecount="1" falsecount="1"/>
      <line num="287" count="6" type="stmt"/>
      <line num="288" count="6" type="stmt"/>
      <line num="289" count="6" type="cond" truecount="1" falsecount="1"/>
      <line num="290" count="6" type="stmt"/>
      <line num="291" count="6" type="stmt"/>
      <line num="292" count="6" type="cond" truecount="1" falsecount="1"/>
      <line num="293" count="0" type="stmt"/>
      <line num="294" count="6" type="cond" truecount="2" falsecount="0"/>
      <line num="295" count="4" type="stmt"/>
      <line num="296" count="4" type="stmt"/>
      <line num="297" count="4" type="stmt"/>
      <line num="299" count="2" type="stmt"/>
      <line num="300" count="2" type="stmt"/>
      <line num="301" count="2" type="stmt"/>
      <line num="303" count="6" type="stmt"/>
      <line num="304" count="6" type="stmt"/>
      <line num="305" count="6" type="stmt"/>
      <line num="306" count="0" type="cond" truecount="0" falsecount="2"/>
      <line num="307" count="0" type="stmt"/>
      <line num="308" count="0" type="cond" truecount="0" falsecount="4"/>
      <line num="309" count="0" type="stmt"/>
      <line num="310" count="0" type="stmt"/>
      <line num="311" count="0" type="stmt"/>
      <line num="312" count="0" type="stmt"/>
      <line num="314" count="0" type="stmt"/>
      <line num="320" count="0" type="cond" truecount="0" falsecount="4"/>
      <line num="324" count="0" type="cond" truecount="0" falsecount="2"/>
      <line num="325" count="0" type="stmt"/>
      <line num="326" count="0" type="cond" truecount="0" falsecount="2"/>
      <line num="327" count="0" type="stmt"/>
      <line num="328" count="0" type="stmt"/>
      <line num="329" count="0" type="cond" truecount="0" falsecount="2"/>
      <line num="330" count="0" type="stmt"/>
      <line num="331" count="0" type="cond" truecount="0" falsecount="2"/>
      <line num="332" count="0" type="stmt"/>
      <line num="334" count="0" type="stmt"/>
      <line num="336" count="0" type="cond" truecount="0" falsecount="2"/>
      <line num="337" count="0" type="stmt"/>
      <line num="338" count="0" type="cond" truecount="0" falsecount="2"/>
      <line num="339" count="0" type="cond" truecount="0" falsecount="2"/>
      <line num="340" count="0" type="stmt"/>
      <line num="341" count="0" type="stmt"/>
      <line num="342" count="0" type="stmt"/>
      <line num="343" count="0" type="stmt"/>
      <line num="344" count="0" type="stmt"/>
      <line num="345" count="0" type="stmt"/>
      <line num="346" count="0" type="stmt"/>
      <line num="347" count="0" type="stmt"/>
      <line num="348" count="0" type="stmt"/>
      <line num="349" count="0" type="stmt"/>
      <line num="350" count="0" type="stmt"/>
      <line num="351" count="0" type="stmt"/>
      <line num="352" count="0" type="cond" truecount="0" falsecount="2"/>
      <line num="353" count="0" type="stmt"/>
      <line num="354" count="0" type="stmt"/>
      <line num="355" count="0" type="stmt"/>
      <line num="359" count="2" type="cond" truecount="1" falsecount="1"/>
      <line num="360" count="2" type="stmt"/>
      <line num="361" count="2" type="cond" truecount="2" falsecount="0"/>
      <line num="362" count="2" type="stmt"/>
      <line num="363" count="2" type="stmt"/>
      <line num="364" count="2" type="cond" truecount="1" falsecount="1"/>
      <line num="365" count="2" type="stmt"/>
      <line num="366" count="2" type="cond" truecount="1" falsecount="1"/>
      <line num="367" count="0" type="stmt"/>
      <line num="369" count="2" type="stmt"/>
      <line num="371" count="2" type="stmt"/>
      <line num="372" count="2" type="stmt"/>
      <line num="373" count="2" type="cond" truecount="1" falsecount="1"/>
      <line num="374" count="2" type="cond" truecount="1" falsecount="1"/>
      <line num="375" count="2" type="stmt"/>
      <line num="376" count="2" type="stmt"/>
      <line num="377" count="2" type="stmt"/>
      <line num="378" count="2" type="stmt"/>
      <line num="382" count="2" type="stmt"/>
      <line num="383" count="2" type="stmt"/>
      <line num="384" count="2" type="cond" truecount="4" falsecount="0"/>
      <line num="385" count="1" type="stmt"/>
      <line num="387" count="1" type="stmt"/>
      <line num="391" count="0" type="stmt"/>
      <line num="392" count="0" type="cond" truecount="0" falsecount="2"/>
      <line num="393" count="0" type="stmt"/>
      <line num="394" count="0" type="stmt"/>
      <line num="395" count="0" type="stmt"/>
      <line num="396" count="0" type="stmt"/>
      <line num="397" count="0" type="stmt"/>
      <line num="398" count="0" type="stmt"/>
      <line num="400" count="0" type="stmt"/>
      <line num="404" count="0" type="stmt"/>
      <line num="405" count="0" type="cond" truecount="0" falsecount="2"/>
      <line num="406" count="0" type="stmt"/>
      <line num="407" count="0" type="stmt"/>
      <line num="408" count="0" type="stmt"/>
      <line num="409" count="0" type="cond" truecount="0" falsecount="2"/>
      <line num="410" count="0" type="stmt"/>
      <line num="411" count="0" type="stmt"/>
      <line num="412" count="0" type="stmt"/>
      <line num="413" count="0" type="stmt"/>
      <line num="414" count="0" type="stmt"/>
      <line num="415" count="0" type="stmt"/>
      <line num="416" count="0" type="cond" truecount="0" falsecount="2"/>
      <line num="417" count="0" type="stmt"/>
      <line num="418" count="0" type="stmt"/>
      <line num="419" count="0" type="stmt"/>
      <line num="420" count="0" type="stmt"/>
      <line num="423" count="0" type="stmt"/>
      <line num="425" count="0" type="stmt"/>
      <line num="429" count="0" type="stmt"/>
      <line num="430" count="0" type="stmt"/>
      <line num="431" count="0" type="stmt"/>
      <line num="432" count="0" type="cond" truecount="0" falsecount="5"/>
      <line num="433" count="0" type="stmt"/>
      <line num="435" count="0" type="cond" truecount="0" falsecount="4"/>
      <line num="436" count="0" type="stmt"/>
      <line num="438" count="0" type="stmt"/>
      <line num="454" count="0" type="stmt"/>
      <line num="455" count="0" type="stmt"/>
      <line num="460" count="0" type="cond" truecount="0" falsecount="2"/>
      <line num="461" count="0" type="stmt"/>
      <line num="462" count="0" type="stmt"/>
      <line num="464" count="0" type="stmt"/>
      <line num="466" count="0" type="stmt"/>
      <line num="470" count="1" type="stmt"/>
      <line num="471" count="1" type="stmt"/>
      <line num="472" count="1" type="stmt"/>
      <line num="473" count="1" type="stmt"/>
      <line num="474" count="1" type="stmt"/>
      <line num="475" count="1" type="stmt"/>
      <line num="476" count="1" type="cond" truecount="1" falsecount="1"/>
      <line num="477" count="1" type="stmt"/>
      <line num="478" count="1" type="stmt"/>
      <line num="482" count="2" type="stmt"/>
      <line num="483" count="2" type="cond" truecount="2" falsecount="0"/>
      <line num="484" count="2" type="cond" truecount="2" falsecount="0"/>
      <line num="485" count="2" type="cond" truecount="2" falsecount="0"/>
      <line num="486" count="2" type="cond" truecount="2" falsecount="0"/>
      <line num="490" count="0" type="stmt"/>
      <line num="491" count="0" type="cond" truecount="0" falsecount="2"/>
      <line num="492" count="0" type="stmt"/>
      <line num="493" count="0" type="stmt"/>
      <line num="494" count="0" type="stmt"/>
      <line num="495" count="0" type="stmt"/>
      <line num="496" count="0" type="stmt"/>
      <line num="497" count="0" type="stmt"/>
      <line num="499" count="0" type="stmt"/>
      <line num="503" count="0" type="stmt"/>
      <line num="504" count="0" type="cond" truecount="0" falsecount="2"/>
      <line num="505" count="0" type="stmt"/>
      <line num="506" count="0" type="stmt"/>
      <line num="507" count="0" type="stmt"/>
      <line num="508" count="0" type="cond" truecount="0" falsecount="2"/>
      <line num="509" count="0" type="stmt"/>
      <line num="510" count="0" type="stmt"/>
      <line num="511" count="0" type="stmt"/>
      <line num="512" count="0" type="stmt"/>
      <line num="513" count="0" type="stmt"/>
      <line num="514" count="0" type="stmt"/>
      <line num="515" count="0" type="cond" truecount="0" falsecount="2"/>
      <line num="516" count="0" type="stmt"/>
      <line num="517" count="0" type="stmt"/>
      <line num="518" count="0" type="stmt"/>
      <line num="519" count="0" type="stmt"/>
      <line num="522" count="0" type="stmt"/>
      <line num="524" count="0" type="stmt"/>
      <line num="527" count="2" type="stmt"/>
      <line num="530" count="6" type="stmt"/>
      <line num="531" count="6" type="stmt"/>
      <line num="532" count="6" type="stmt"/>
      <line num="536" count="2" type="stmt"/>
      <line num="537" count="2" type="stmt"/>
      <line num="538" count="2" type="stmt"/>
      <line num="539" count="2" type="stmt"/>
      <line num="540" count="2" type="stmt"/>
      <line num="541" count="2" type="stmt"/>
      <line num="542" count="2" type="stmt"/>
      <line num="543" count="2" type="stmt"/>
      <line num="544" count="2" type="stmt"/>
      <line num="545" count="2" type="stmt"/>
      <line num="546" count="2" type="cond" truecount="1" falsecount="1"/>
      <line num="547" count="2" type="cond" truecount="1" falsecount="1"/>
      <line num="548" count="2" type="cond" truecount="5" falsecount="0"/>
      <line num="549" count="1" type="stmt"/>
      <line num="551" count="1" type="cond" truecount="2" falsecount="2"/>
      <line num="552" count="1" type="stmt"/>
      <line num="554" count="0" type="cond" truecount="0" falsecount="2"/>
      <line num="567" count="0" type="cond" truecount="0" falsecount="2"/>
      <line num="568" count="0" type="stmt"/>
      <line num="569" count="0" type="stmt"/>
      <line num="574" count="0" type="cond" truecount="0" falsecount="2"/>
      <line num="575" count="0" type="stmt"/>
      <line num="576" count="0" type="stmt"/>
      <line num="577" count="0" type="cond" truecount="0" falsecount="2"/>
      <line num="578" count="0" type="stmt"/>
      <line num="579" count="0" type="stmt"/>
      <line num="582" count="33" type="stmt"/>
      <line num="583" count="132" type="stmt"/>
      <line num="584" count="0" type="cond" truecount="0" falsecount="2"/>
      <line num="588" count="33" type="stmt"/>
      <line num="590" count="33" type="cond" truecount="3" falsecount="1"/>
      <line num="591" count="33" type="stmt"/>
    </file>
  </project>
</coverage>
