{"C:\\Users\\pauja\\Downloads\\Sanos-y-Salvos-Frontend-main\\app.js": {"path":"C:\\Users\\pauja\\Downloads\\Sanos-y-Salvos-Frontend-main\\app.js","statementMap":{"0":{"start":{"line":1,"column":12},"end":{"line":1,"column":35}},"1":{"start":{"line":2,"column":21},"end":{"line":2,"column":27}},"2":{"start":{"line":3,"column":14},"end":{"line":3,"column":16}},"3":{"start":{"line":4,"column":15},"end":{"line":4,"column":17}},"4":{"start":{"line":5,"column":16},"end":{"line":5,"column":20}},"5":{"start":{"line":6,"column":17},"end":{"line":6,"column":21}},"6":{"start":{"line":7,"column":20},"end":{"line":7,"column":24}},"7":{"start":{"line":8,"column":19},"end":{"line":8,"column":23}},"8":{"start":{"line":9,"column":22},"end":{"line":9,"column":26}},"9":{"start":{"line":10,"column":19},"end":{"line":10,"column":23}},"10":{"start":{"line":11,"column":19},"end":{"line":11,"column":23}},"11":{"start":{"line":12,"column":27},"end":{"line":12,"column":31}},"12":{"start":{"line":13,"column":17},"end":{"line":13,"column":21}},"13":{"start":{"line":14,"column":17},"end":{"line":14,"column":21}},"14":{"start":{"line":15,"column":17},"end":{"line":15,"column":21}},"15":{"start":{"line":16,"column":24},"end":{"line":16,"column":28}},"16":{"start":{"line":17,"column":13},"end":{"line":17,"column":17}},"17":{"start":{"line":18,"column":13},"end":{"line":18,"column":17}},"18":{"start":{"line":19,"column":21},"end":{"line":19,"column":23}},"19":{"start":{"line":20,"column":18},"end":{"line":20,"column":22}},"20":{"start":{"line":22,"column":27},"end":{"line":39,"column":1}},"21":{"start":{"line":41,"column":22},"end":{"line":41,"column":69}},"22":{"start":{"line":43,"column":20},"end":{"line":49,"column":1}},"23":{"start":{"line":51,"column":19},"end":{"line":55,"column":1}},"24":{"start":{"line":57,"column":16},"end":{"line":61,"column":1}},"25":{"start":{"line":64,"column":2},"end":{"line":64,"column":26}},"26":{"start":{"line":65,"column":2},"end":{"line":65,"column":28}},"27":{"start":{"line":66,"column":2},"end":{"line":66,"column":17}},"28":{"start":{"line":67,"column":2},"end":{"line":67,"column":66}},"29":{"start":{"line":67,"column":34},"end":{"line":67,"column":55}},"30":{"start":{"line":68,"column":2},"end":{"line":68,"column":23}},"31":{"start":{"line":69,"column":2},"end":{"line":69,"column":30}},"32":{"start":{"line":70,"column":2},"end":{"line":70,"column":29}},"33":{"start":{"line":71,"column":2},"end":{"line":71,"column":22}},"34":{"start":{"line":72,"column":2},"end":{"line":72,"column":13}},"35":{"start":{"line":73,"column":2},"end":{"line":73,"column":14}},"36":{"start":{"line":77,"column":22},"end":{"line":77,"column":58}},"37":{"start":{"line":78,"column":2},"end":{"line":79,"column":68}},"38":{"start":{"line":79,"column":21},"end":{"line":79,"column":57}},"39":{"start":{"line":83,"column":22},"end":{"line":83,"column":61}},"40":{"start":{"line":84,"column":22},"end":{"line":84,"column":61}},"41":{"start":{"line":85,"column":2},"end":{"line":89,"column":4}},"42":{"start":{"line":87,"column":55},"end":{"line":87,"column":91}},"43":{"start":{"line":88,"column":53},"end":{"line":88,"column":89}},"44":{"start":{"line":90,"column":2},"end":{"line":90,"column":126}},"45":{"start":{"line":90,"column":79},"end":{"line":90,"column":115}},"46":{"start":{"line":94,"column":22},"end":{"line":94,"column":61}},"47":{"start":{"line":95,"column":15},"end":{"line":95,"column":17}},"48":{"start":{"line":96,"column":2},"end":{"line":98,"column":62}},"49":{"start":{"line":96,"column":27},"end":{"line":96,"column":48}},"50":{"start":{"line":97,"column":7},"end":{"line":98,"column":62}},"51":{"start":{"line":97,"column":31},"end":{"line":97,"column":51}},"52":{"start":{"line":98,"column":7},"end":{"line":98,"column":62}},"53":{"start":{"line":99,"column":2},"end":{"line":99,"column":125}},"54":{"start":{"line":99,"column":78},"end":{"line":99,"column":114}},"55":{"start":{"line":103,"column":18},"end":{"line":103,"column":62}},"56":{"start":{"line":104,"column":17},"end":{"line":104,"column":62}},"57":{"start":{"line":105,"column":22},"end":{"line":105,"column":58}},"58":{"start":{"line":106,"column":2},"end":{"line":106,"column":139}},"59":{"start":{"line":106,"column":92},"end":{"line":106,"column":128}},"60":{"start":{"line":110,"column":2},"end":{"line":110,"column":23}},"61":{"start":{"line":111,"column":16},"end":{"line":111,"column":56}},"62":{"start":{"line":112,"column":19},"end":{"line":112,"column":61}},"63":{"start":{"line":113,"column":14},"end":{"line":113,"column":51}},"64":{"start":{"line":114,"column":2},"end":{"line":118,"column":5}},"65":{"start":{"line":115,"column":4},"end":{"line":115,"column":24}},"66":{"start":{"line":116,"column":4},"end":{"line":116,"column":38}},"67":{"start":{"line":117,"column":4},"end":{"line":117,"column":59}},"68":{"start":{"line":117,"column":45},"end":{"line":117,"column":59}},"69":{"start":{"line":119,"column":2},"end":{"line":119,"column":76}},"70":{"start":{"line":119,"column":42},"end":{"line":119,"column":72}},"71":{"start":{"line":120,"column":2},"end":{"line":124,"column":5}},"72":{"start":{"line":121,"column":4},"end":{"line":123,"column":5}},"73":{"start":{"line":122,"column":6},"end":{"line":122,"column":40}},"74":{"start":{"line":128,"column":15},"end":{"line":128,"column":53}},"75":{"start":{"line":129,"column":12},"end":{"line":129,"column":31}},"76":{"start":{"line":130,"column":13},"end":{"line":130,"column":131}},"77":{"start":{"line":131,"column":2},"end":{"line":139,"column":3}},"78":{"start":{"line":132,"column":21},"end":{"line":132,"column":75}},"79":{"start":{"line":132,"column":47},"end":{"line":132,"column":74}},"80":{"start":{"line":133,"column":4},"end":{"line":133,"column":149}},"81":{"start":{"line":133,"column":30},"end":{"line":133,"column":138}},"82":{"start":{"line":135,"column":4},"end":{"line":138,"column":5}},"83":{"start":{"line":136,"column":6},"end":{"line":136,"column":64}},"84":{"start":{"line":137,"column":6},"end":{"line":137,"column":150}},"85":{"start":{"line":137,"column":31},"end":{"line":137,"column":139}},"86":{"start":{"line":140,"column":2},"end":{"line":140,"column":24}},"87":{"start":{"line":144,"column":2},"end":{"line":144,"column":26}},"88":{"start":{"line":145,"column":2},"end":{"line":145,"column":89}},"89":{"start":{"line":146,"column":2},"end":{"line":146,"column":70}},"90":{"start":{"line":147,"column":2},"end":{"line":147,"column":16}},"91":{"start":{"line":151,"column":17},"end":{"line":151,"column":72}},"92":{"start":{"line":151,"column":37},"end":{"line":151,"column":71}},"93":{"start":{"line":152,"column":19},"end":{"line":152,"column":60}},"94":{"start":{"line":152,"column":39},"end":{"line":152,"column":59}},"95":{"start":{"line":153,"column":22},"end":{"line":153,"column":78}},"96":{"start":{"line":153,"column":43},"end":{"line":153,"column":77}},"97":{"start":{"line":154,"column":2},"end":{"line":154,"column":111}},"98":{"start":{"line":154,"column":45},"end":{"line":154,"column":111}},"99":{"start":{"line":155,"column":2},"end":{"line":155,"column":118}},"100":{"start":{"line":155,"column":46},"end":{"line":155,"column":118}},"101":{"start":{"line":156,"column":2},"end":{"line":156,"column":121}},"102":{"start":{"line":156,"column":49},"end":{"line":156,"column":121}},"103":{"start":{"line":157,"column":2},"end":{"line":157,"column":119}},"104":{"start":{"line":157,"column":48},"end":{"line":157,"column":119}},"105":{"start":{"line":161,"column":2},"end":{"line":164,"column":15}},"106":{"start":{"line":162,"column":16},"end":{"line":162,"column":51}},"107":{"start":{"line":163,"column":4},"end":{"line":163,"column":78}},"108":{"start":{"line":163,"column":18},"end":{"line":163,"column":45}},"109":{"start":{"line":163,"column":46},"end":{"line":163,"column":61}},"110":{"start":{"line":163,"column":62},"end":{"line":163,"column":76}},"111":{"start":{"line":168,"column":2},"end":{"line":171,"column":15}},"112":{"start":{"line":169,"column":16},"end":{"line":169,"column":52}},"113":{"start":{"line":170,"column":4},"end":{"line":170,"column":79}},"114":{"start":{"line":170,"column":18},"end":{"line":170,"column":46}},"115":{"start":{"line":170,"column":47},"end":{"line":170,"column":62}},"116":{"start":{"line":170,"column":63},"end":{"line":170,"column":77}},"117":{"start":{"line":175,"column":2},"end":{"line":179,"column":4}},"118":{"start":{"line":183,"column":2},"end":{"line":186,"column":4}},"119":{"start":{"line":190,"column":2},"end":{"line":190,"column":27}},"120":{"start":{"line":191,"column":2},"end":{"line":191,"column":85}},"121":{"start":{"line":192,"column":2},"end":{"line":192,"column":87}},"122":{"start":{"line":193,"column":2},"end":{"line":193,"column":93}},"123":{"start":{"line":194,"column":2},"end":{"line":194,"column":16}},"124":{"start":{"line":198,"column":16},"end":{"line":198,"column":75}},"125":{"start":{"line":199,"column":18},"end":{"line":199,"column":65}},"126":{"start":{"line":200,"column":16},"end":{"line":200,"column":61}},"127":{"start":{"line":201,"column":16},"end":{"line":201,"column":61}},"128":{"start":{"line":202,"column":17},"end":{"line":202,"column":63}},"129":{"start":{"line":203,"column":13},"end":{"line":203,"column":15}},"130":{"start":{"line":203,"column":24},"end":{"line":203,"column":38}},"131":{"start":{"line":204,"column":2},"end":{"line":206,"column":114}},"132":{"start":{"line":204,"column":35},"end":{"line":204,"column":98}},"133":{"start":{"line":204,"column":62},"end":{"line":204,"column":96}},"134":{"start":{"line":205,"column":7},"end":{"line":206,"column":114}},"135":{"start":{"line":205,"column":41},"end":{"line":205,"column":105}},"136":{"start":{"line":205,"column":69},"end":{"line":205,"column":103}},"137":{"start":{"line":205,"column":106},"end":{"line":205,"column":121}},"138":{"start":{"line":206,"column":7},"end":{"line":206,"column":114}},"139":{"start":{"line":206,"column":44},"end":{"line":206,"column":93}},"140":{"start":{"line":206,"column":71},"end":{"line":206,"column":91}},"141":{"start":{"line":206,"column":94},"end":{"line":206,"column":112}},"142":{"start":{"line":207,"column":19},"end":{"line":218,"column":4}},"143":{"start":{"line":208,"column":17},"end":{"line":208,"column":58}},"144":{"start":{"line":209,"column":16},"end":{"line":209,"column":75}},"145":{"start":{"line":210,"column":19},"end":{"line":210,"column":48}},"146":{"start":{"line":211,"column":23},"end":{"line":211,"column":102}},"147":{"start":{"line":212,"column":25},"end":{"line":212,"column":58}},"148":{"start":{"line":213,"column":23},"end":{"line":213,"column":50}},"149":{"start":{"line":214,"column":23},"end":{"line":214,"column":50}},"150":{"start":{"line":215,"column":24},"end":{"line":215,"column":54}},"151":{"start":{"line":216,"column":24},"end":{"line":216,"column":85}},"152":{"start":{"line":217,"column":4},"end":{"line":217,"column":96}},"153":{"start":{"line":219,"column":2},"end":{"line":219,"column":30}},"154":{"start":{"line":223,"column":20},"end":{"line":223,"column":62}},"155":{"start":{"line":224,"column":2},"end":{"line":228,"column":3}},"156":{"start":{"line":225,"column":4},"end":{"line":225,"column":104}},"157":{"start":{"line":226,"column":4},"end":{"line":226,"column":25}},"158":{"start":{"line":227,"column":4},"end":{"line":227,"column":11}},"159":{"start":{"line":229,"column":2},"end":{"line":264,"column":14}},"160":{"start":{"line":230,"column":17},"end":{"line":230,"column":88}},"161":{"start":{"line":231,"column":16},"end":{"line":231,"column":93}},"162":{"start":{"line":232,"column":17},"end":{"line":232,"column":66}},"163":{"start":{"line":233,"column":18},"end":{"line":233,"column":52}},"164":{"start":{"line":235,"column":4},"end":{"line":237,"column":73}},"165":{"start":{"line":235,"column":27},"end":{"line":235,"column":60}},"166":{"start":{"line":235,"column":61},"end":{"line":235,"column":83}},"167":{"start":{"line":236,"column":9},"end":{"line":237,"column":73}},"168":{"start":{"line":236,"column":33},"end":{"line":236,"column":67}},"169":{"start":{"line":236,"column":68},"end":{"line":236,"column":93}},"170":{"start":{"line":237,"column":11},"end":{"line":237,"column":48}},"171":{"start":{"line":237,"column":49},"end":{"line":237,"column":71}},"172":{"start":{"line":238,"column":20},"end":{"line":238,"column":57}},"173":{"start":{"line":239,"column":21},"end":{"line":239,"column":56}},"174":{"start":{"line":240,"column":23},"end":{"line":242,"column":50}},"175":{"start":{"line":244,"column":4},"end":{"line":246,"column":40}},"176":{"start":{"line":244,"column":29},"end":{"line":244,"column":54}},"177":{"start":{"line":245,"column":9},"end":{"line":246,"column":40}},"178":{"start":{"line":245,"column":31},"end":{"line":245,"column":59}},"179":{"start":{"line":246,"column":9},"end":{"line":246,"column":40}},"180":{"start":{"line":247,"column":4},"end":{"line":263,"column":6}},"181":{"start":{"line":265,"column":2},"end":{"line":265,"column":23}},"182":{"start":{"line":269,"column":14},"end":{"line":269,"column":56}},"183":{"start":{"line":270,"column":2},"end":{"line":270,"column":19}},"184":{"start":{"line":271,"column":2},"end":{"line":271,"column":27}},"185":{"start":{"line":272,"column":15},"end":{"line":272,"column":69}},"186":{"start":{"line":273,"column":14},"end":{"line":273,"column":72}},"187":{"start":{"line":274,"column":16},"end":{"line":274,"column":66}},"188":{"start":{"line":275,"column":15},"end":{"line":275,"column":61}},"189":{"start":{"line":276,"column":15},"end":{"line":276,"column":61}},"190":{"start":{"line":277,"column":2},"end":{"line":277,"column":67}},"191":{"start":{"line":278,"column":2},"end":{"line":278,"column":77}},"192":{"start":{"line":279,"column":2},"end":{"line":279,"column":89}},"193":{"start":{"line":280,"column":2},"end":{"line":280,"column":87}},"194":{"start":{"line":281,"column":2},"end":{"line":281,"column":87}},"195":{"start":{"line":282,"column":2},"end":{"line":282,"column":81}},"196":{"start":{"line":283,"column":2},"end":{"line":283,"column":92}},"197":{"start":{"line":284,"column":2},"end":{"line":284,"column":84}},"198":{"start":{"line":285,"column":2},"end":{"line":285,"column":81}},"199":{"start":{"line":286,"column":2},"end":{"line":286,"column":81}},"200":{"start":{"line":287,"column":20},"end":{"line":287,"column":64}},"201":{"start":{"line":288,"column":19},"end":{"line":288,"column":58}},"202":{"start":{"line":289,"column":2},"end":{"line":290,"column":44}},"203":{"start":{"line":289,"column":25},"end":{"line":289,"column":56}},"204":{"start":{"line":289,"column":57},"end":{"line":289,"column":91}},"205":{"start":{"line":290,"column":9},"end":{"line":290,"column":42}},"206":{"start":{"line":291,"column":23},"end":{"line":291,"column":70}},"207":{"start":{"line":292,"column":2},"end":{"line":302,"column":3}},"208":{"start":{"line":293,"column":4},"end":{"line":293,"column":40}},"209":{"start":{"line":294,"column":9},"end":{"line":302,"column":3}},"210":{"start":{"line":295,"column":4},"end":{"line":295,"column":41}},"211":{"start":{"line":296,"column":4},"end":{"line":296,"column":49}},"212":{"start":{"line":297,"column":4},"end":{"line":297,"column":42}},"213":{"start":{"line":299,"column":4},"end":{"line":299,"column":41}},"214":{"start":{"line":300,"column":4},"end":{"line":300,"column":52}},"215":{"start":{"line":301,"column":4},"end":{"line":301,"column":47}},"216":{"start":{"line":303,"column":2},"end":{"line":303,"column":64}},"217":{"start":{"line":304,"column":2},"end":{"line":304,"column":28}},"218":{"start":{"line":304,"column":29},"end":{"line":304,"column":56}},"219":{"start":{"line":305,"column":2},"end":{"line":316,"column":10}},"220":{"start":{"line":306,"column":4},"end":{"line":306,"column":60}},"221":{"start":{"line":306,"column":21},"end":{"line":306,"column":40}},"222":{"start":{"line":306,"column":41},"end":{"line":306,"column":58}},"223":{"start":{"line":307,"column":18},"end":{"line":307,"column":55}},"224":{"start":{"line":308,"column":4},"end":{"line":315,"column":5}},"225":{"start":{"line":309,"column":6},"end":{"line":309,"column":27}},"226":{"start":{"line":310,"column":6},"end":{"line":310,"column":81}},"227":{"start":{"line":311,"column":6},"end":{"line":311,"column":125}},"228":{"start":{"line":312,"column":6},"end":{"line":312,"column":113}},"229":{"start":{"line":314,"column":6},"end":{"line":314,"column":216}},"230":{"start":{"line":320,"column":2},"end":{"line":320,"column":115}},"231":{"start":{"line":320,"column":32},"end":{"line":320,"column":115}},"232":{"start":{"line":324,"column":2},"end":{"line":324,"column":26}},"233":{"start":{"line":324,"column":19},"end":{"line":324,"column":26}},"234":{"start":{"line":325,"column":14},"end":{"line":325,"column":24}},"235":{"start":{"line":326,"column":15},"end":{"line":326,"column":38}},"236":{"start":{"line":327,"column":14},"end":{"line":327,"column":34}},"237":{"start":{"line":328,"column":21},"end":{"line":328,"column":35}},"238":{"start":{"line":329,"column":16},"end":{"line":329,"column":52}},"239":{"start":{"line":330,"column":16},"end":{"line":330,"column":54}},"240":{"start":{"line":331,"column":2},"end":{"line":335,"column":3}},"241":{"start":{"line":332,"column":4},"end":{"line":332,"column":71}},"242":{"start":{"line":334,"column":4},"end":{"line":334,"column":46}},"243":{"start":{"line":336,"column":2},"end":{"line":336,"column":76}},"244":{"start":{"line":337,"column":2},"end":{"line":337,"column":120}},"245":{"start":{"line":338,"column":2},"end":{"line":338,"column":100}},"246":{"start":{"line":339,"column":2},"end":{"line":339,"column":89}},"247":{"start":{"line":340,"column":2},"end":{"line":340,"column":30}},"248":{"start":{"line":341,"column":2},"end":{"line":341,"column":22}},"249":{"start":{"line":342,"column":2},"end":{"line":342,"column":22}},"250":{"start":{"line":343,"column":2},"end":{"line":343,"column":53}},"251":{"start":{"line":344,"column":2},"end":{"line":344,"column":49}},"252":{"start":{"line":345,"column":2},"end":{"line":345,"column":49}},"253":{"start":{"line":346,"column":2},"end":{"line":346,"column":57}},"254":{"start":{"line":347,"column":2},"end":{"line":347,"column":50}},"255":{"start":{"line":348,"column":2},"end":{"line":348,"column":60}},"256":{"start":{"line":349,"column":2},"end":{"line":349,"column":73}},"257":{"start":{"line":350,"column":2},"end":{"line":350,"column":132}},"258":{"start":{"line":351,"column":2},"end":{"line":351,"column":81}},"259":{"start":{"line":352,"column":2},"end":{"line":352,"column":67}},"260":{"start":{"line":352,"column":22},"end":{"line":352,"column":44}},"261":{"start":{"line":352,"column":45},"end":{"line":352,"column":65}},"262":{"start":{"line":353,"column":2},"end":{"line":353,"column":29}},"263":{"start":{"line":354,"column":2},"end":{"line":354,"column":67}},"264":{"start":{"line":355,"column":2},"end":{"line":355,"column":46}},"265":{"start":{"line":355,"column":19},"end":{"line":355,"column":39}},"266":{"start":{"line":359,"column":2},"end":{"line":359,"column":26}},"267":{"start":{"line":359,"column":19},"end":{"line":359,"column":26}},"268":{"start":{"line":360,"column":14},"end":{"line":360,"column":24}},"269":{"start":{"line":361,"column":15},"end":{"line":361,"column":38}},"270":{"start":{"line":362,"column":14},"end":{"line":362,"column":31}},"271":{"start":{"line":363,"column":22},"end":{"line":363,"column":37}},"272":{"start":{"line":364,"column":16},"end":{"line":364,"column":52}},"273":{"start":{"line":365,"column":16},"end":{"line":365,"column":56}},"274":{"start":{"line":366,"column":2},"end":{"line":370,"column":3}},"275":{"start":{"line":367,"column":4},"end":{"line":367,"column":71}},"276":{"start":{"line":369,"column":4},"end":{"line":369,"column":46}},"277":{"start":{"line":371,"column":2},"end":{"line":371,"column":63}},"278":{"start":{"line":372,"column":2},"end":{"line":372,"column":122}},"279":{"start":{"line":373,"column":2},"end":{"line":373,"column":102}},"280":{"start":{"line":374,"column":2},"end":{"line":374,"column":93}},"281":{"start":{"line":375,"column":2},"end":{"line":375,"column":51}},"282":{"start":{"line":376,"column":2},"end":{"line":376,"column":52}},"283":{"start":{"line":377,"column":2},"end":{"line":377,"column":29}},"284":{"start":{"line":378,"column":2},"end":{"line":378,"column":63}},"285":{"start":{"line":382,"column":15},"end":{"line":382,"column":58}},"286":{"start":{"line":383,"column":16},"end":{"line":383,"column":60}},"287":{"start":{"line":384,"column":2},"end":{"line":386,"column":3}},"288":{"start":{"line":385,"column":4},"end":{"line":385,"column":68}},"289":{"start":{"line":385,"column":69},"end":{"line":385,"column":76}},"290":{"start":{"line":387,"column":2},"end":{"line":387,"column":132}},"291":{"start":{"line":391,"column":15},"end":{"line":391,"column":36}},"292":{"start":{"line":392,"column":2},"end":{"line":392,"column":20}},"293":{"start":{"line":392,"column":13},"end":{"line":392,"column":20}},"294":{"start":{"line":393,"column":17},"end":{"line":393,"column":33}},"295":{"start":{"line":394,"column":2},"end":{"line":399,"column":4}},"296":{"start":{"line":395,"column":4},"end":{"line":395,"column":43}},"297":{"start":{"line":396,"column":20},"end":{"line":396,"column":64}},"298":{"start":{"line":397,"column":4},"end":{"line":397,"column":64}},"299":{"start":{"line":398,"column":4},"end":{"line":398,"column":47}},"300":{"start":{"line":400,"column":2},"end":{"line":400,"column":29}},"301":{"start":{"line":404,"column":19},"end":{"line":404,"column":64}},"302":{"start":{"line":405,"column":2},"end":{"line":405,"column":24}},"303":{"start":{"line":405,"column":17},"end":{"line":405,"column":24}},"304":{"start":{"line":406,"column":2},"end":{"line":425,"column":83}},"305":{"start":{"line":407,"column":16},"end":{"line":407,"column":127}},"306":{"start":{"line":408,"column":20},"end":{"line":408,"column":36}},"307":{"start":{"line":409,"column":4},"end":{"line":424,"column":5}},"308":{"start":{"line":410,"column":6},"end":{"line":410,"column":48}},"309":{"start":{"line":411,"column":6},"end":{"line":411,"column":48}},"310":{"start":{"line":412,"column":6},"end":{"line":412,"column":65}},"311":{"start":{"line":413,"column":6},"end":{"line":413,"column":78}},"312":{"start":{"line":414,"column":6},"end":{"line":414,"column":100}},"313":{"start":{"line":415,"column":6},"end":{"line":421,"column":14}},"314":{"start":{"line":416,"column":8},"end":{"line":416,"column":97}},"315":{"start":{"line":416,"column":28},"end":{"line":416,"column":50}},"316":{"start":{"line":416,"column":51},"end":{"line":416,"column":71}},"317":{"start":{"line":416,"column":72},"end":{"line":416,"column":95}},"318":{"start":{"line":417,"column":8},"end":{"line":417,"column":82}},"319":{"start":{"line":418,"column":8},"end":{"line":418,"column":130}},"320":{"start":{"line":419,"column":8},"end":{"line":419,"column":106}},"321":{"start":{"line":420,"column":8},"end":{"line":420,"column":132}},"322":{"start":{"line":420,"column":47},"end":{"line":420,"column":87}},"323":{"start":{"line":420,"column":88},"end":{"line":420,"column":128}},"324":{"start":{"line":423,"column":6},"end":{"line":423,"column":72}},"325":{"start":{"line":425,"column":15},"end":{"line":425,"column":81}},"326":{"start":{"line":429,"column":22},"end":{"line":429,"column":71}},"327":{"start":{"line":430,"column":16},"end":{"line":430,"column":58}},"328":{"start":{"line":431,"column":19},"end":{"line":431,"column":64}},"329":{"start":{"line":432,"column":2},"end":{"line":434,"column":3}},"330":{"start":{"line":433,"column":4},"end":{"line":433,"column":94}},"331":{"start":{"line":433,"column":95},"end":{"line":433,"column":102}},"332":{"start":{"line":435,"column":2},"end":{"line":437,"column":3}},"333":{"start":{"line":436,"column":4},"end":{"line":436,"column":98}},"334":{"start":{"line":436,"column":99},"end":{"line":436,"column":106}},"335":{"start":{"line":438,"column":15},"end":{"line":453,"column":3}},"336":{"start":{"line":454,"column":2},"end":{"line":466,"column":75}},"337":{"start":{"line":455,"column":16},"end":{"line":459,"column":6}},"338":{"start":{"line":460,"column":4},"end":{"line":465,"column":5}},"339":{"start":{"line":461,"column":6},"end":{"line":461,"column":80}},"340":{"start":{"line":462,"column":6},"end":{"line":462,"column":78}},"341":{"start":{"line":462,"column":25},"end":{"line":462,"column":55}},"342":{"start":{"line":462,"column":56},"end":{"line":462,"column":68}},"343":{"start":{"line":464,"column":6},"end":{"line":464,"column":75}},"344":{"start":{"line":466,"column":15},"end":{"line":466,"column":73}},"345":{"start":{"line":470,"column":2},"end":{"line":470,"column":16}},"346":{"start":{"line":470,"column":17},"end":{"line":470,"column":31}},"347":{"start":{"line":470,"column":32},"end":{"line":470,"column":51}},"348":{"start":{"line":471,"column":2},"end":{"line":471,"column":53}},"349":{"start":{"line":472,"column":2},"end":{"line":472,"column":60}},"350":{"start":{"line":473,"column":2},"end":{"line":473,"column":73}},"351":{"start":{"line":474,"column":2},"end":{"line":474,"column":128}},"352":{"start":{"line":475,"column":2},"end":{"line":475,"column":77}},"353":{"start":{"line":476,"column":2},"end":{"line":476,"column":83}},"354":{"start":{"line":476,"column":20},"end":{"line":476,"column":40}},"355":{"start":{"line":476,"column":41},"end":{"line":476,"column":59}},"356":{"start":{"line":476,"column":60},"end":{"line":476,"column":81}},"357":{"start":{"line":477,"column":2},"end":{"line":477,"column":65}},"358":{"start":{"line":478,"column":2},"end":{"line":478,"column":46}},"359":{"start":{"line":478,"column":19},"end":{"line":478,"column":39}},"360":{"start":{"line":482,"column":15},"end":{"line":482,"column":56}},"361":{"start":{"line":483,"column":2},"end":{"line":483,"column":96}},"362":{"start":{"line":484,"column":2},"end":{"line":484,"column":103}},"363":{"start":{"line":485,"column":2},"end":{"line":485,"column":101}},"364":{"start":{"line":486,"column":2},"end":{"line":486,"column":103}},"365":{"start":{"line":490,"column":15},"end":{"line":490,"column":36}},"366":{"start":{"line":491,"column":2},"end":{"line":491,"column":20}},"367":{"start":{"line":491,"column":13},"end":{"line":491,"column":20}},"368":{"start":{"line":492,"column":17},"end":{"line":492,"column":33}},"369":{"start":{"line":493,"column":2},"end":{"line":498,"column":4}},"370":{"start":{"line":494,"column":4},"end":{"line":494,"column":34}},"371":{"start":{"line":495,"column":20},"end":{"line":495,"column":60}},"372":{"start":{"line":496,"column":4},"end":{"line":496,"column":55}},"373":{"start":{"line":497,"column":4},"end":{"line":497,"column":47}},"374":{"start":{"line":499,"column":2},"end":{"line":499,"column":29}},"375":{"start":{"line":503,"column":19},"end":{"line":503,"column":64}},"376":{"start":{"line":504,"column":2},"end":{"line":504,"column":24}},"377":{"start":{"line":504,"column":17},"end":{"line":504,"column":24}},"378":{"start":{"line":505,"column":2},"end":{"line":524,"column":81}},"379":{"start":{"line":506,"column":16},"end":{"line":506,"column":127}},"380":{"start":{"line":507,"column":20},"end":{"line":507,"column":36}},"381":{"start":{"line":508,"column":4},"end":{"line":523,"column":5}},"382":{"start":{"line":509,"column":6},"end":{"line":509,"column":42}},"383":{"start":{"line":510,"column":6},"end":{"line":510,"column":42}},"384":{"start":{"line":511,"column":6},"end":{"line":511,"column":65}},"385":{"start":{"line":512,"column":6},"end":{"line":512,"column":78}},"386":{"start":{"line":513,"column":6},"end":{"line":513,"column":100}},"387":{"start":{"line":514,"column":6},"end":{"line":520,"column":14}},"388":{"start":{"line":515,"column":8},"end":{"line":515,"column":89}},"389":{"start":{"line":515,"column":26},"end":{"line":515,"column":46}},"390":{"start":{"line":515,"column":47},"end":{"line":515,"column":65}},"391":{"start":{"line":515,"column":66},"end":{"line":515,"column":87}},"392":{"start":{"line":516,"column":8},"end":{"line":516,"column":68}},"393":{"start":{"line":517,"column":8},"end":{"line":517,"column":128}},"394":{"start":{"line":518,"column":8},"end":{"line":518,"column":90}},"395":{"start":{"line":519,"column":8},"end":{"line":519,"column":118}},"396":{"start":{"line":519,"column":45},"end":{"line":519,"column":79}},"397":{"start":{"line":519,"column":80},"end":{"line":519,"column":114}},"398":{"start":{"line":522,"column":6},"end":{"line":522,"column":95}},"399":{"start":{"line":524,"column":15},"end":{"line":524,"column":79}},"400":{"start":{"line":527,"column":26},"end":{"line":527,"column":79}},"401":{"start":{"line":530,"column":13},"end":{"line":530,"column":40}},"402":{"start":{"line":531,"column":2},"end":{"line":531,"column":24}},"403":{"start":{"line":532,"column":2},"end":{"line":532,"column":35}},"404":{"start":{"line":536,"column":15},"end":{"line":536,"column":56}},"405":{"start":{"line":537,"column":18},"end":{"line":537,"column":62}},"406":{"start":{"line":538,"column":16},"end":{"line":538,"column":58}},"407":{"start":{"line":539,"column":16},"end":{"line":539,"column":58}},"408":{"start":{"line":540,"column":17},"end":{"line":540,"column":60}},"409":{"start":{"line":541,"column":19},"end":{"line":541,"column":64}},"410":{"start":{"line":542,"column":16},"end":{"line":542,"column":58}},"411":{"start":{"line":543,"column":16},"end":{"line":543,"column":58}},"412":{"start":{"line":544,"column":15},"end":{"line":544,"column":56}},"413":{"start":{"line":545,"column":22},"end":{"line":545,"column":71}},"414":{"start":{"line":546,"column":20},"end":{"line":546,"column":134}},"415":{"start":{"line":547,"column":20},"end":{"line":547,"column":134}},"416":{"start":{"line":548,"column":2},"end":{"line":550,"column":3}},"417":{"start":{"line":549,"column":4},"end":{"line":549,"column":78}},"418":{"start":{"line":549,"column":79},"end":{"line":549,"column":86}},"419":{"start":{"line":551,"column":2},"end":{"line":553,"column":3}},"420":{"start":{"line":552,"column":4},"end":{"line":552,"column":95}},"421":{"start":{"line":552,"column":96},"end":{"line":552,"column":103}},"422":{"start":{"line":554,"column":15},"end":{"line":566,"column":3}},"423":{"start":{"line":567,"column":19},"end":{"line":567,"column":73}},"424":{"start":{"line":568,"column":2},"end":{"line":579,"column":73}},"425":{"start":{"line":569,"column":16},"end":{"line":573,"column":6}},"426":{"start":{"line":574,"column":4},"end":{"line":578,"column":69}},"427":{"start":{"line":575,"column":6},"end":{"line":575,"column":68}},"428":{"start":{"line":576,"column":6},"end":{"line":576,"column":58}},"429":{"start":{"line":576,"column":23},"end":{"line":576,"column":50}},"430":{"start":{"line":577,"column":6},"end":{"line":577,"column":68}},"431":{"start":{"line":577,"column":27},"end":{"line":577,"column":44}},"432":{"start":{"line":577,"column":50},"end":{"line":577,"column":68}},"433":{"start":{"line":578,"column":13},"end":{"line":578,"column":67}},"434":{"start":{"line":579,"column":15},"end":{"line":579,"column":71}},"435":{"start":{"line":582,"column":0},"end":{"line":586,"column":3}},"436":{"start":{"line":583,"column":2},"end":{"line":585,"column":5}},"437":{"start":{"line":584,"column":4},"end":{"line":584,"column":57}},"438":{"start":{"line":584,"column":27},"end":{"line":584,"column":57}},"439":{"start":{"line":588,"column":0},"end":{"line":588,"column":39}},"440":{"start":{"line":588,"column":29},"end":{"line":588,"column":36}},"441":{"start":{"line":590,"column":0},"end":{"line":598,"column":1}},"442":{"start":{"line":591,"column":2},"end":{"line":597,"column":4}}},"fnMap":{"0":{"name":"init","decl":{"start":{"line":63,"column":15},"end":{"line":63,"column":19}},"loc":{"start":{"line":63,"column":22},"end":{"line":74,"column":1}},"line":63},"1":{"name":"(anonymous_1)","decl":{"start":{"line":67,"column":29},"end":{"line":67,"column":30}},"loc":{"start":{"line":67,"column":34},"end":{"line":67,"column":55}},"line":67},"2":{"name":"populatePubColors","decl":{"start":{"line":76,"column":9},"end":{"line":76,"column":26}},"loc":{"start":{"line":76,"column":29},"end":{"line":80,"column":1}},"line":76},"3":{"name":"(anonymous_3)","decl":{"start":{"line":79,"column":16},"end":{"line":79,"column":17}},"loc":{"start":{"line":79,"column":21},"end":{"line":79,"column":57}},"line":79},"4":{"name":"populateBreedColorFilters","decl":{"start":{"line":82,"column":9},"end":{"line":82,"column":34}},"loc":{"start":{"line":82,"column":37},"end":{"line":91,"column":1}},"line":82},"5":{"name":"(anonymous_5)","decl":{"start":{"line":87,"column":50},"end":{"line":87,"column":51}},"loc":{"start":{"line":87,"column":55},"end":{"line":87,"column":91}},"line":87},"6":{"name":"(anonymous_6)","decl":{"start":{"line":88,"column":48},"end":{"line":88,"column":49}},"loc":{"start":{"line":88,"column":53},"end":{"line":88,"column":89}},"line":88},"7":{"name":"(anonymous_7)","decl":{"start":{"line":90,"column":74},"end":{"line":90,"column":75}},"loc":{"start":{"line":90,"column":79},"end":{"line":90,"column":115}},"line":90},"8":{"name":"updateBreedsBySpecies","decl":{"start":{"line":93,"column":9},"end":{"line":93,"column":30}},"loc":{"start":{"line":93,"column":40},"end":{"line":100,"column":1}},"line":93},"9":{"name":"(anonymous_9)","decl":{"start":{"line":99,"column":73},"end":{"line":99,"column":74}},"loc":{"start":{"line":99,"column":78},"end":{"line":99,"column":114}},"line":99},"10":{"name":"updatePubBreedsBySpecies","decl":{"start":{"line":102,"column":9},"end":{"line":102,"column":33}},"loc":{"start":{"line":102,"column":36},"end":{"line":107,"column":1}},"line":102},"11":{"name":"(anonymous_11)","decl":{"start":{"line":106,"column":87},"end":{"line":106,"column":88}},"loc":{"start":{"line":106,"column":92},"end":{"line":106,"column":128}},"line":106},"12":{"name":"initComunaDropdown","decl":{"start":{"line":109,"column":9},"end":{"line":109,"column":27}},"loc":{"start":{"line":109,"column":30},"end":{"line":125,"column":1}},"line":109},"13":{"name":"(anonymous_13)","decl":{"start":{"line":114,"column":32},"end":{"line":114,"column":33}},"loc":{"start":{"line":114,"column":39},"end":{"line":118,"column":3}},"line":114},"14":{"name":"(anonymous_14)","decl":{"start":{"line":119,"column":34},"end":{"line":119,"column":35}},"loc":{"start":{"line":119,"column":40},"end":{"line":119,"column":74}},"line":119},"15":{"name":"(anonymous_15)","decl":{"start":{"line":120,"column":37},"end":{"line":120,"column":38}},"loc":{"start":{"line":120,"column":44},"end":{"line":124,"column":3}},"line":120},"16":{"name":"renderComunaList","decl":{"start":{"line":127,"column":9},"end":{"line":127,"column":25}},"loc":{"start":{"line":127,"column":33},"end":{"line":141,"column":1}},"line":127},"17":{"name":"(anonymous_17)","decl":{"start":{"line":132,"column":42},"end":{"line":132,"column":43}},"loc":{"start":{"line":132,"column":47},"end":{"line":132,"column":74}},"line":132},"18":{"name":"(anonymous_18)","decl":{"start":{"line":133,"column":25},"end":{"line":133,"column":26}},"loc":{"start":{"line":133,"column":30},"end":{"line":133,"column":138}},"line":133},"19":{"name":"(anonymous_19)","decl":{"start":{"line":137,"column":26},"end":{"line":137,"column":27}},"loc":{"start":{"line":137,"column":31},"end":{"line":137,"column":139}},"line":137},"20":{"name":"selectComuna","decl":{"start":{"line":143,"column":9},"end":{"line":143,"column":21}},"loc":{"start":{"line":143,"column":30},"end":{"line":148,"column":1}},"line":143},"21":{"name":"updateCounts","decl":{"start":{"line":150,"column":9},"end":{"line":150,"column":21}},"loc":{"start":{"line":150,"column":24},"end":{"line":158,"column":1}},"line":150},"22":{"name":"(anonymous_22)","decl":{"start":{"line":151,"column":32},"end":{"line":151,"column":33}},"loc":{"start":{"line":151,"column":37},"end":{"line":151,"column":71}},"line":151},"23":{"name":"(anonymous_23)","decl":{"start":{"line":152,"column":34},"end":{"line":152,"column":35}},"loc":{"start":{"line":152,"column":39},"end":{"line":152,"column":59}},"line":152},"24":{"name":"(anonymous_24)","decl":{"start":{"line":153,"column":38},"end":{"line":153,"column":39}},"loc":{"start":{"line":153,"column":43},"end":{"line":153,"column":77}},"line":153},"25":{"name":"loadLost","decl":{"start":{"line":160,"column":15},"end":{"line":160,"column":23}},"loc":{"start":{"line":160,"column":26},"end":{"line":165,"column":1}},"line":160},"26":{"name":"loadFound","decl":{"start":{"line":167,"column":15},"end":{"line":167,"column":24}},"loc":{"start":{"line":167,"column":27},"end":{"line":172,"column":1}},"line":167},"27":{"name":"getMockLost","decl":{"start":{"line":174,"column":9},"end":{"line":174,"column":20}},"loc":{"start":{"line":174,"column":23},"end":{"line":180,"column":1}},"line":174},"28":{"name":"getMockFound","decl":{"start":{"line":182,"column":9},"end":{"line":182,"column":21}},"loc":{"start":{"line":182,"column":24},"end":{"line":187,"column":1}},"line":182},"29":{"name":"showSection","decl":{"start":{"line":189,"column":9},"end":{"line":189,"column":20}},"loc":{"start":{"line":189,"column":30},"end":{"line":195,"column":1}},"line":189},"30":{"name":"filterCards","decl":{"start":{"line":197,"column":9},"end":{"line":197,"column":20}},"loc":{"start":{"line":197,"column":23},"end":{"line":220,"column":1}},"line":197},"31":{"name":"(anonymous_31)","decl":{"start":{"line":204,"column":57},"end":{"line":204,"column":58}},"loc":{"start":{"line":204,"column":62},"end":{"line":204,"column":96}},"line":204},"32":{"name":"(anonymous_32)","decl":{"start":{"line":205,"column":64},"end":{"line":205,"column":65}},"loc":{"start":{"line":205,"column":69},"end":{"line":205,"column":103}},"line":205},"33":{"name":"(anonymous_33)","decl":{"start":{"line":206,"column":66},"end":{"line":206,"column":67}},"loc":{"start":{"line":206,"column":71},"end":{"line":206,"column":91}},"line":206},"34":{"name":"(anonymous_34)","decl":{"start":{"line":207,"column":31},"end":{"line":207,"column":32}},"loc":{"start":{"line":207,"column":36},"end":{"line":218,"column":3}},"line":207},"35":{"name":"renderCards","decl":{"start":{"line":222,"column":9},"end":{"line":222,"column":20}},"loc":{"start":{"line":222,"column":33},"end":{"line":266,"column":1}},"line":222},"36":{"name":"(anonymous_36)","decl":{"start":{"line":229,"column":33},"end":{"line":229,"column":34}},"loc":{"start":{"line":229,"column":38},"end":{"line":264,"column":3}},"line":229},"37":{"name":"openDetail","decl":{"start":{"line":268,"column":9},"end":{"line":268,"column":19}},"loc":{"start":{"line":268,"column":38},"end":{"line":317,"column":1}},"line":268},"38":{"name":"(anonymous_38)","decl":{"start":{"line":305,"column":13},"end":{"line":305,"column":14}},"loc":{"start":{"line":305,"column":19},"end":{"line":316,"column":3}},"line":305},"39":{"name":"openGoogleMaps","decl":{"start":{"line":319,"column":9},"end":{"line":319,"column":23}},"loc":{"start":{"line":319,"column":26},"end":{"line":321,"column":1}},"line":319},"40":{"name":"openReportEncounter","decl":{"start":{"line":323,"column":9},"end":{"line":323,"column":28}},"loc":{"start":{"line":323,"column":31},"end":{"line":356,"column":1}},"line":323},"41":{"name":"(anonymous_41)","decl":{"start":{"line":355,"column":13},"end":{"line":355,"column":14}},"loc":{"start":{"line":355,"column":19},"end":{"line":355,"column":39}},"line":355},"42":{"name":"openClaimModal","decl":{"start":{"line":358,"column":9},"end":{"line":358,"column":23}},"loc":{"start":{"line":358,"column":26},"end":{"line":379,"column":1}},"line":358},"43":{"name":"submitClaim","decl":{"start":{"line":381,"column":9},"end":{"line":381,"column":20}},"loc":{"start":{"line":381,"column":23},"end":{"line":388,"column":1}},"line":381},"44":{"name":"previewEncounterPhoto","decl":{"start":{"line":390,"column":9},"end":{"line":390,"column":30}},"loc":{"start":{"line":390,"column":38},"end":{"line":401,"column":1}},"line":390},"45":{"name":"(anonymous_45)","decl":{"start":{"line":394,"column":18},"end":{"line":394,"column":19}},"loc":{"start":{"line":394,"column":25},"end":{"line":399,"column":3}},"line":394},"46":{"name":"searchEncounterLocation","decl":{"start":{"line":403,"column":15},"end":{"line":403,"column":38}},"loc":{"start":{"line":403,"column":41},"end":{"line":426,"column":1}},"line":403},"47":{"name":"(anonymous_47)","decl":{"start":{"line":415,"column":17},"end":{"line":415,"column":18}},"loc":{"start":{"line":415,"column":23},"end":{"line":421,"column":7}},"line":415},"48":{"name":"(anonymous_48)","decl":{"start":{"line":420,"column":38},"end":{"line":420,"column":39}},"loc":{"start":{"line":420,"column":45},"end":{"line":420,"column":130}},"line":420},"49":{"name":"submitEncounter","decl":{"start":{"line":428,"column":15},"end":{"line":428,"column":30}},"loc":{"start":{"line":428,"column":33},"end":{"line":467,"column":1}},"line":428},"50":{"name":"(anonymous_50)","decl":{"start":{"line":462,"column":17},"end":{"line":462,"column":18}},"loc":{"start":{"line":462,"column":23},"end":{"line":462,"column":70}},"line":462},"51":{"name":"openPublish","decl":{"start":{"line":469,"column":9},"end":{"line":469,"column":20}},"loc":{"start":{"line":469,"column":23},"end":{"line":479,"column":1}},"line":469},"52":{"name":"(anonymous_52)","decl":{"start":{"line":478,"column":13},"end":{"line":478,"column":14}},"loc":{"start":{"line":478,"column":19},"end":{"line":478,"column":39}},"line":478},"53":{"name":"togglePubFields","decl":{"start":{"line":481,"column":9},"end":{"line":481,"column":24}},"loc":{"start":{"line":481,"column":27},"end":{"line":487,"column":1}},"line":481},"54":{"name":"previewPhoto","decl":{"start":{"line":489,"column":9},"end":{"line":489,"column":21}},"loc":{"start":{"line":489,"column":29},"end":{"line":500,"column":1}},"line":489},"55":{"name":"(anonymous_55)","decl":{"start":{"line":493,"column":18},"end":{"line":493,"column":19}},"loc":{"start":{"line":493,"column":25},"end":{"line":498,"column":3}},"line":493},"56":{"name":"searchLocation","decl":{"start":{"line":502,"column":15},"end":{"line":502,"column":29}},"loc":{"start":{"line":502,"column":32},"end":{"line":525,"column":1}},"line":502},"57":{"name":"(anonymous_57)","decl":{"start":{"line":514,"column":17},"end":{"line":514,"column":18}},"loc":{"start":{"line":514,"column":23},"end":{"line":520,"column":7}},"line":514},"58":{"name":"(anonymous_58)","decl":{"start":{"line":519,"column":36},"end":{"line":519,"column":37}},"loc":{"start":{"line":519,"column":43},"end":{"line":519,"column":116}},"line":519},"59":{"name":"closeModal","decl":{"start":{"line":527,"column":9},"end":{"line":527,"column":19}},"loc":{"start":{"line":527,"column":24},"end":{"line":527,"column":81}},"line":527},"60":{"name":"showMsg","decl":{"start":{"line":529,"column":9},"end":{"line":529,"column":16}},"loc":{"start":{"line":529,"column":33},"end":{"line":533,"column":1}},"line":529},"61":{"name":"publishPet","decl":{"start":{"line":535,"column":15},"end":{"line":535,"column":25}},"loc":{"start":{"line":535,"column":28},"end":{"line":580,"column":1}},"line":535},"62":{"name":"(anonymous_62)","decl":{"start":{"line":576,"column":17},"end":{"line":576,"column":18}},"loc":{"start":{"line":576,"column":23},"end":{"line":576,"column":50}},"line":576},"63":{"name":"(anonymous_63)","decl":{"start":{"line":582,"column":52},"end":{"line":582,"column":53}},"loc":{"start":{"line":582,"column":63},"end":{"line":586,"column":1}},"line":582},"64":{"name":"(anonymous_64)","decl":{"start":{"line":583,"column":36},"end":{"line":583,"column":37}},"loc":{"start":{"line":583,"column":48},"end":{"line":585,"column":3}},"line":583},"65":{"name":"(anonymous_65)","decl":{"start":{"line":588,"column":16},"end":{"line":588,"column":17}},"loc":{"start":{"line":588,"column":27},"end":{"line":588,"column":38}},"line":588}},"branchMap":{"0":{"loc":{"start":{"line":96,"column":2},"end":{"line":98,"column":62}},"type":"if","locations":[{"start":{"line":96,"column":2},"end":{"line":98,"column":62}},{"start":{"line":97,"column":7},"end":{"line":98,"column":62}}],"line":96},"1":{"loc":{"start":{"line":97,"column":7},"end":{"line":98,"column":62}},"type":"if","locations":[{"start":{"line":97,"column":7},"end":{"line":98,"column":62}},{"start":{"line":98,"column":7},"end":{"line":98,"column":62}}],"line":97},"2":{"loc":{"start":{"line":104,"column":17},"end":{"line":104,"column":62}},"type":"cond-expr","locations":[{"start":{"line":104,"column":38},"end":{"line":104,"column":48}},{"start":{"line":104,"column":51},"end":{"line":104,"column":62}}],"line":104},"3":{"loc":{"start":{"line":117,"column":4},"end":{"line":117,"column":59}},"type":"if","locations":[{"start":{"line":117,"column":4},"end":{"line":117,"column":59}},{"start":{},"end":{}}],"line":117},"4":{"loc":{"start":{"line":121,"column":4},"end":{"line":123,"column":5}},"type":"if","locations":[{"start":{"line":121,"column":4},"end":{"line":123,"column":5}},{"start":{},"end":{}}],"line":121},"5":{"loc":{"start":{"line":130,"column":39},"end":{"line":130,"column":78}},"type":"cond-expr","locations":[{"start":{"line":130,"column":63},"end":{"line":130,"column":73}},{"start":{"line":130,"column":76},"end":{"line":130,"column":78}}],"line":130},"6":{"loc":{"start":{"line":131,"column":2},"end":{"line":139,"column":3}},"type":"if","locations":[{"start":{"line":131,"column":2},"end":{"line":139,"column":3}},{"start":{"line":134,"column":9},"end":{"line":139,"column":3}}],"line":131},"7":{"loc":{"start":{"line":133,"column":56},"end":{"line":133,"column":94}},"type":"cond-expr","locations":[{"start":{"line":133,"column":79},"end":{"line":133,"column":89}},{"start":{"line":133,"column":92},"end":{"line":133,"column":94}}],"line":133},"8":{"loc":{"start":{"line":137,"column":57},"end":{"line":137,"column":95}},"type":"cond-expr","locations":[{"start":{"line":137,"column":80},"end":{"line":137,"column":90}},{"start":{"line":137,"column":93},"end":{"line":137,"column":95}}],"line":137},"9":{"loc":{"start":{"line":145,"column":59},"end":{"line":145,"column":88}},"type":"binary-expr","locations":[{"start":{"line":145,"column":59},"end":{"line":145,"column":65}},{"start":{"line":145,"column":69},"end":{"line":145,"column":88}}],"line":145},"10":{"loc":{"start":{"line":151,"column":37},"end":{"line":151,"column":71}},"type":"binary-expr","locations":[{"start":{"line":151,"column":37},"end":{"line":151,"column":58}},{"start":{"line":151,"column":62},"end":{"line":151,"column":71}}],"line":151},"11":{"loc":{"start":{"line":153,"column":43},"end":{"line":153,"column":77}},"type":"binary-expr","locations":[{"start":{"line":153,"column":43},"end":{"line":153,"column":64}},{"start":{"line":153,"column":68},"end":{"line":153,"column":77}}],"line":153},"12":{"loc":{"start":{"line":154,"column":2},"end":{"line":154,"column":111}},"type":"if","locations":[{"start":{"line":154,"column":2},"end":{"line":154,"column":111}},{"start":{},"end":{}}],"line":154},"13":{"loc":{"start":{"line":155,"column":2},"end":{"line":155,"column":118}},"type":"if","locations":[{"start":{"line":155,"column":2},"end":{"line":155,"column":118}},{"start":{},"end":{}}],"line":155},"14":{"loc":{"start":{"line":156,"column":2},"end":{"line":156,"column":121}},"type":"if","locations":[{"start":{"line":156,"column":2},"end":{"line":156,"column":121}},{"start":{},"end":{}}],"line":156},"15":{"loc":{"start":{"line":157,"column":2},"end":{"line":157,"column":119}},"type":"if","locations":[{"start":{"line":157,"column":2},"end":{"line":157,"column":119}},{"start":{},"end":{}}],"line":157},"16":{"loc":{"start":{"line":163,"column":4},"end":{"line":163,"column":78}},"type":"if","locations":[{"start":{"line":163,"column":4},"end":{"line":163,"column":78}},{"start":{},"end":{}}],"line":163},"17":{"loc":{"start":{"line":170,"column":4},"end":{"line":170,"column":79}},"type":"if","locations":[{"start":{"line":170,"column":4},"end":{"line":170,"column":79}},{"start":{},"end":{}}],"line":170},"18":{"loc":{"start":{"line":204,"column":2},"end":{"line":206,"column":114}},"type":"if","locations":[{"start":{"line":204,"column":2},"end":{"line":206,"column":114}},{"start":{"line":205,"column":7},"end":{"line":206,"column":114}}],"line":204},"19":{"loc":{"start":{"line":204,"column":62},"end":{"line":204,"column":96}},"type":"binary-expr","locations":[{"start":{"line":204,"column":62},"end":{"line":204,"column":83}},{"start":{"line":204,"column":87},"end":{"line":204,"column":96}}],"line":204},"20":{"loc":{"start":{"line":205,"column":7},"end":{"line":206,"column":114}},"type":"if","locations":[{"start":{"line":205,"column":7},"end":{"line":206,"column":114}},{"start":{"line":206,"column":7},"end":{"line":206,"column":114}}],"line":205},"21":{"loc":{"start":{"line":205,"column":69},"end":{"line":205,"column":103}},"type":"binary-expr","locations":[{"start":{"line":205,"column":69},"end":{"line":205,"column":90}},{"start":{"line":205,"column":94},"end":{"line":205,"column":103}}],"line":205},"22":{"loc":{"start":{"line":206,"column":7},"end":{"line":206,"column":114}},"type":"if","locations":[{"start":{"line":206,"column":7},"end":{"line":206,"column":114}},{"start":{},"end":{}}],"line":206},"23":{"loc":{"start":{"line":208,"column":18},"end":{"line":208,"column":43}},"type":"binary-expr","locations":[{"start":{"line":208,"column":18},"end":{"line":208,"column":24}},{"start":{"line":208,"column":28},"end":{"line":208,"column":37}},{"start":{"line":208,"column":41},"end":{"line":208,"column":43}}],"line":208},"24":{"loc":{"start":{"line":209,"column":17},"end":{"line":209,"column":60}},"type":"binary-expr","locations":[{"start":{"line":209,"column":17},"end":{"line":209,"column":35}},{"start":{"line":209,"column":39},"end":{"line":209,"column":54}},{"start":{"line":209,"column":58},"end":{"line":209,"column":60}}],"line":209},"25":{"loc":{"start":{"line":210,"column":20},"end":{"line":210,"column":33}},"type":"binary-expr","locations":[{"start":{"line":210,"column":20},"end":{"line":210,"column":27}},{"start":{"line":210,"column":31},"end":{"line":210,"column":33}}],"line":210},"26":{"loc":{"start":{"line":211,"column":23},"end":{"line":211,"column":102}},"type":"binary-expr","locations":[{"start":{"line":211,"column":23},"end":{"line":211,"column":29}},{"start":{"line":211,"column":33},"end":{"line":211,"column":53}},{"start":{"line":211,"column":57},"end":{"line":211,"column":76}},{"start":{"line":211,"column":80},"end":{"line":211,"column":102}}],"line":211},"27":{"loc":{"start":{"line":212,"column":25},"end":{"line":212,"column":58}},"type":"binary-expr","locations":[{"start":{"line":212,"column":25},"end":{"line":212,"column":33}},{"start":{"line":212,"column":37},"end":{"line":212,"column":58}}],"line":212},"28":{"loc":{"start":{"line":213,"column":23},"end":{"line":213,"column":50}},"type":"binary-expr","locations":[{"start":{"line":213,"column":23},"end":{"line":213,"column":29}},{"start":{"line":213,"column":33},"end":{"line":213,"column":50}}],"line":213},"29":{"loc":{"start":{"line":214,"column":23},"end":{"line":214,"column":50}},"type":"binary-expr","locations":[{"start":{"line":214,"column":23},"end":{"line":214,"column":29}},{"start":{"line":214,"column":33},"end":{"line":214,"column":50}}],"line":214},"30":{"loc":{"start":{"line":215,"column":24},"end":{"line":215,"column":54}},"type":"binary-expr","locations":[{"start":{"line":215,"column":24},"end":{"line":215,"column":31}},{"start":{"line":215,"column":35},"end":{"line":215,"column":54}}],"line":215},"31":{"loc":{"start":{"line":216,"column":24},"end":{"line":216,"column":85}},"type":"binary-expr","locations":[{"start":{"line":216,"column":24},"end":{"line":216,"column":39}},{"start":{"line":216,"column":43},"end":{"line":216,"column":85}}],"line":216},"32":{"loc":{"start":{"line":217,"column":11},"end":{"line":217,"column":95}},"type":"binary-expr","locations":[{"start":{"line":217,"column":11},"end":{"line":217,"column":21}},{"start":{"line":217,"column":25},"end":{"line":217,"column":37}},{"start":{"line":217,"column":41},"end":{"line":217,"column":51}},{"start":{"line":217,"column":55},"end":{"line":217,"column":65}},{"start":{"line":217,"column":69},"end":{"line":217,"column":80}},{"start":{"line":217,"column":84},"end":{"line":217,"column":95}}],"line":217},"33":{"loc":{"start":{"line":224,"column":2},"end":{"line":228,"column":3}},"type":"if","locations":[{"start":{"line":224,"column":2},"end":{"line":228,"column":3}},{"start":{},"end":{}}],"line":224},"34":{"loc":{"start":{"line":230,"column":17},"end":{"line":230,"column":88}},"type":"cond-expr","locations":[{"start":{"line":230,"column":58},"end":{"line":230,"column":64}},{"start":{"line":230,"column":68},"end":{"line":230,"column":87}}],"line":230},"35":{"loc":{"start":{"line":230,"column":17},"end":{"line":230,"column":55}},"type":"binary-expr","locations":[{"start":{"line":230,"column":17},"end":{"line":230,"column":32}},{"start":{"line":230,"column":36},"end":{"line":230,"column":55}}],"line":230},"36":{"loc":{"start":{"line":230,"column":68},"end":{"line":230,"column":87}},"type":"binary-expr","locations":[{"start":{"line":230,"column":68},"end":{"line":230,"column":74}},{"start":{"line":230,"column":78},"end":{"line":230,"column":87}}],"line":230},"37":{"loc":{"start":{"line":231,"column":16},"end":{"line":231,"column":93}},"type":"cond-expr","locations":[{"start":{"line":231,"column":57},"end":{"line":231,"column":75}},{"start":{"line":231,"column":78},"end":{"line":231,"column":93}}],"line":231},"38":{"loc":{"start":{"line":231,"column":16},"end":{"line":231,"column":54}},"type":"binary-expr","locations":[{"start":{"line":231,"column":16},"end":{"line":231,"column":31}},{"start":{"line":231,"column":35},"end":{"line":231,"column":54}}],"line":231},"39":{"loc":{"start":{"line":233,"column":18},"end":{"line":233,"column":52}},"type":"cond-expr","locations":[{"start":{"line":233,"column":41},"end":{"line":233,"column":45}},{"start":{"line":233,"column":48},"end":{"line":233,"column":52}}],"line":233},"40":{"loc":{"start":{"line":235,"column":4},"end":{"line":237,"column":73}},"type":"if","locations":[{"start":{"line":235,"column":4},"end":{"line":237,"column":73}},{"start":{"line":236,"column":9},"end":{"line":237,"column":73}}],"line":235},"41":{"loc":{"start":{"line":236,"column":9},"end":{"line":237,"column":73}},"type":"if","locations":[{"start":{"line":236,"column":9},"end":{"line":237,"column":73}},{"start":{"line":237,"column":9},"end":{"line":237,"column":73}}],"line":236},"42":{"loc":{"start":{"line":239,"column":21},"end":{"line":239,"column":56}},"type":"cond-expr","locations":[{"start":{"line":239,"column":43},"end":{"line":239,"column":49}},{"start":{"line":239,"column":52},"end":{"line":239,"column":56}}],"line":239},"43":{"loc":{"start":{"line":240,"column":23},"end":{"line":242,"column":50}},"type":"cond-expr","locations":[{"start":{"line":241,"column":8},"end":{"line":241,"column":40}},{"start":{"line":242,"column":8},"end":{"line":242,"column":50}}],"line":240},"44":{"loc":{"start":{"line":244,"column":4},"end":{"line":246,"column":40}},"type":"if","locations":[{"start":{"line":244,"column":4},"end":{"line":246,"column":40}},{"start":{"line":245,"column":9},"end":{"line":246,"column":40}}],"line":244},"45":{"loc":{"start":{"line":245,"column":9},"end":{"line":246,"column":40}},"type":"if","locations":[{"start":{"line":245,"column":9},"end":{"line":246,"column":40}},{"start":{"line":246,"column":9},"end":{"line":246,"column":40}}],"line":245},"46":{"loc":{"start":{"line":258,"column":68},"end":{"line":258,"column":102}},"type":"binary-expr","locations":[{"start":{"line":258,"column":68},"end":{"line":258,"column":71}},{"start":{"line":258,"column":75},"end":{"line":258,"column":102}}],"line":258},"47":{"loc":{"start":{"line":272,"column":15},"end":{"line":272,"column":69}},"type":"cond-expr","locations":[{"start":{"line":272,"column":33},"end":{"line":272,"column":41}},{"start":{"line":272,"column":45},"end":{"line":272,"column":68}}],"line":272},"48":{"loc":{"start":{"line":272,"column":45},"end":{"line":272,"column":68}},"type":"binary-expr","locations":[{"start":{"line":272,"column":45},"end":{"line":272,"column":53}},{"start":{"line":272,"column":57},"end":{"line":272,"column":68}}],"line":272},"49":{"loc":{"start":{"line":273,"column":14},"end":{"line":273,"column":72}},"type":"cond-expr","locations":[{"start":{"line":273,"column":32},"end":{"line":273,"column":52}},{"start":{"line":273,"column":55},"end":{"line":273,"column":72}}],"line":273},"50":{"loc":{"start":{"line":274,"column":16},"end":{"line":274,"column":66}},"type":"cond-expr","locations":[{"start":{"line":274,"column":34},"end":{"line":274,"column":48}},{"start":{"line":274,"column":51},"end":{"line":274,"column":66}}],"line":274},"51":{"loc":{"start":{"line":275,"column":15},"end":{"line":275,"column":61}},"type":"cond-expr","locations":[{"start":{"line":275,"column":33},"end":{"line":275,"column":45}},{"start":{"line":275,"column":48},"end":{"line":275,"column":61}}],"line":275},"52":{"loc":{"start":{"line":276,"column":15},"end":{"line":276,"column":61}},"type":"cond-expr","locations":[{"start":{"line":276,"column":33},"end":{"line":276,"column":45}},{"start":{"line":276,"column":48},"end":{"line":276,"column":61}}],"line":276},"53":{"loc":{"start":{"line":277,"column":55},"end":{"line":277,"column":66}},"type":"binary-expr","locations":[{"start":{"line":277,"column":55},"end":{"line":277,"column":59}},{"start":{"line":277,"column":63},"end":{"line":277,"column":66}}],"line":277},"54":{"loc":{"start":{"line":278,"column":58},"end":{"line":278,"column":76}},"type":"binary-expr","locations":[{"start":{"line":278,"column":58},"end":{"line":278,"column":69}},{"start":{"line":278,"column":73},"end":{"line":278,"column":76}}],"line":278},"55":{"loc":{"start":{"line":279,"column":57},"end":{"line":279,"column":88}},"type":"binary-expr","locations":[{"start":{"line":279,"column":57},"end":{"line":279,"column":67}},{"start":{"line":279,"column":71},"end":{"line":279,"column":88}}],"line":279},"56":{"loc":{"start":{"line":280,"column":56},"end":{"line":280,"column":86}},"type":"binary-expr","locations":[{"start":{"line":280,"column":56},"end":{"line":280,"column":65}},{"start":{"line":280,"column":69},"end":{"line":280,"column":86}}],"line":280},"57":{"loc":{"start":{"line":281,"column":56},"end":{"line":281,"column":86}},"type":"binary-expr","locations":[{"start":{"line":281,"column":56},"end":{"line":281,"column":65}},{"start":{"line":281,"column":69},"end":{"line":281,"column":86}}],"line":281},"58":{"loc":{"start":{"line":282,"column":56},"end":{"line":282,"column":80}},"type":"binary-expr","locations":[{"start":{"line":282,"column":56},"end":{"line":282,"column":61}},{"start":{"line":282,"column":65},"end":{"line":282,"column":80}}],"line":282},"59":{"loc":{"start":{"line":283,"column":55},"end":{"line":283,"column":91}},"type":"binary-expr","locations":[{"start":{"line":283,"column":55},"end":{"line":283,"column":70}},{"start":{"line":283,"column":74},"end":{"line":283,"column":91}}],"line":283},"60":{"loc":{"start":{"line":284,"column":59},"end":{"line":284,"column":83}},"type":"binary-expr","locations":[{"start":{"line":284,"column":59},"end":{"line":284,"column":62}},{"start":{"line":284,"column":66},"end":{"line":284,"column":83}}],"line":284},"61":{"loc":{"start":{"line":285,"column":55},"end":{"line":285,"column":80}},"type":"binary-expr","locations":[{"start":{"line":285,"column":55},"end":{"line":285,"column":59}},{"start":{"line":285,"column":63},"end":{"line":285,"column":80}}],"line":285},"62":{"loc":{"start":{"line":286,"column":55},"end":{"line":286,"column":80}},"type":"binary-expr","locations":[{"start":{"line":286,"column":55},"end":{"line":286,"column":59}},{"start":{"line":286,"column":63},"end":{"line":286,"column":80}}],"line":286},"63":{"loc":{"start":{"line":289,"column":2},"end":{"line":290,"column":44}},"type":"if","locations":[{"start":{"line":289,"column":2},"end":{"line":290,"column":44}},{"start":{"line":290,"column":7},"end":{"line":290,"column":44}}],"line":289},"64":{"loc":{"start":{"line":292,"column":2},"end":{"line":302,"column":3}},"type":"if","locations":[{"start":{"line":292,"column":2},"end":{"line":302,"column":3}},{"start":{"line":294,"column":9},"end":{"line":302,"column":3}}],"line":292},"65":{"loc":{"start":{"line":294,"column":9},"end":{"line":302,"column":3}},"type":"if","locations":[{"start":{"line":294,"column":9},"end":{"line":302,"column":3}},{"start":{"line":298,"column":9},"end":{"line":302,"column":3}}],"line":294},"66":{"loc":{"start":{"line":306,"column":4},"end":{"line":306,"column":60}},"type":"if","locations":[{"start":{"line":306,"column":4},"end":{"line":306,"column":60}},{"start":{},"end":{}}],"line":306},"67":{"loc":{"start":{"line":308,"column":4},"end":{"line":315,"column":5}},"type":"if","locations":[{"start":{"line":308,"column":4},"end":{"line":315,"column":5}},{"start":{"line":313,"column":11},"end":{"line":315,"column":5}}],"line":308},"68":{"loc":{"start":{"line":308,"column":8},"end":{"line":308,"column":37}},"type":"binary-expr","locations":[{"start":{"line":308,"column":8},"end":{"line":308,"column":20}},{"start":{"line":308,"column":24},"end":{"line":308,"column":37}}],"line":308},"69":{"loc":{"start":{"line":320,"column":2},"end":{"line":320,"column":115}},"type":"if","locations":[{"start":{"line":320,"column":2},"end":{"line":320,"column":115}},{"start":{},"end":{}}],"line":320},"70":{"loc":{"start":{"line":320,"column":6},"end":{"line":320,"column":30}},"type":"binary-expr","locations":[{"start":{"line":320,"column":6},"end":{"line":320,"column":16}},{"start":{"line":320,"column":20},"end":{"line":320,"column":30}}],"line":320},"71":{"loc":{"start":{"line":324,"column":2},"end":{"line":324,"column":26}},"type":"if","locations":[{"start":{"line":324,"column":2},"end":{"line":324,"column":26}},{"start":{},"end":{}}],"line":324},"72":{"loc":{"start":{"line":326,"column":15},"end":{"line":326,"column":38}},"type":"binary-expr","locations":[{"start":{"line":326,"column":15},"end":{"line":326,"column":23}},{"start":{"line":326,"column":27},"end":{"line":326,"column":38}}],"line":326},"73":{"loc":{"start":{"line":329,"column":16},"end":{"line":329,"column":52}},"type":"cond-expr","locations":[{"start":{"line":329,"column":41},"end":{"line":329,"column":45}},{"start":{"line":329,"column":48},"end":{"line":329,"column":52}}],"line":329},"74":{"loc":{"start":{"line":331,"column":2},"end":{"line":335,"column":3}},"type":"if","locations":[{"start":{"line":331,"column":2},"end":{"line":335,"column":3}},{"start":{"line":333,"column":9},"end":{"line":335,"column":3}}],"line":331},"75":{"loc":{"start":{"line":336,"column":56},"end":{"line":336,"column":75}},"type":"binary-expr","locations":[{"start":{"line":336,"column":56},"end":{"line":336,"column":60}},{"start":{"line":336,"column":64},"end":{"line":336,"column":75}}],"line":336},"76":{"loc":{"start":{"line":338,"column":64},"end":{"line":338,"column":98}},"type":"binary-expr","locations":[{"start":{"line":338,"column":64},"end":{"line":338,"column":67}},{"start":{"line":338,"column":71},"end":{"line":338,"column":98}}],"line":338},"77":{"loc":{"start":{"line":339,"column":59},"end":{"line":339,"column":88}},"type":"binary-expr","locations":[{"start":{"line":339,"column":59},"end":{"line":339,"column":69}},{"start":{"line":339,"column":73},"end":{"line":339,"column":88}}],"line":339},"78":{"loc":{"start":{"line":352,"column":2},"end":{"line":352,"column":67}},"type":"if","locations":[{"start":{"line":352,"column":2},"end":{"line":352,"column":67}},{"start":{},"end":{}}],"line":352},"79":{"loc":{"start":{"line":359,"column":2},"end":{"line":359,"column":26}},"type":"if","locations":[{"start":{"line":359,"column":2},"end":{"line":359,"column":26}},{"start":{},"end":{}}],"line":359},"80":{"loc":{"start":{"line":361,"column":15},"end":{"line":361,"column":38}},"type":"binary-expr","locations":[{"start":{"line":361,"column":15},"end":{"line":361,"column":23}},{"start":{"line":361,"column":27},"end":{"line":361,"column":38}}],"line":361},"81":{"loc":{"start":{"line":364,"column":16},"end":{"line":364,"column":52}},"type":"cond-expr","locations":[{"start":{"line":364,"column":41},"end":{"line":364,"column":45}},{"start":{"line":364,"column":48},"end":{"line":364,"column":52}}],"line":364},"82":{"loc":{"start":{"line":366,"column":2},"end":{"line":370,"column":3}},"type":"if","locations":[{"start":{"line":366,"column":2},"end":{"line":370,"column":3}},{"start":{"line":368,"column":9},"end":{"line":370,"column":3}}],"line":366},"83":{"loc":{"start":{"line":373,"column":66},"end":{"line":373,"column":100}},"type":"binary-expr","locations":[{"start":{"line":373,"column":66},"end":{"line":373,"column":69}},{"start":{"line":373,"column":73},"end":{"line":373,"column":100}}],"line":373},"84":{"loc":{"start":{"line":374,"column":62},"end":{"line":374,"column":92}},"type":"binary-expr","locations":[{"start":{"line":374,"column":62},"end":{"line":374,"column":73}},{"start":{"line":374,"column":77},"end":{"line":374,"column":92}}],"line":374},"85":{"loc":{"start":{"line":384,"column":2},"end":{"line":386,"column":3}},"type":"if","locations":[{"start":{"line":384,"column":2},"end":{"line":386,"column":3}},{"start":{},"end":{}}],"line":384},"86":{"loc":{"start":{"line":384,"column":6},"end":{"line":384,"column":21}},"type":"binary-expr","locations":[{"start":{"line":384,"column":6},"end":{"line":384,"column":11}},{"start":{"line":384,"column":15},"end":{"line":384,"column":21}}],"line":384},"87":{"loc":{"start":{"line":392,"column":2},"end":{"line":392,"column":20}},"type":"if","locations":[{"start":{"line":392,"column":2},"end":{"line":392,"column":20}},{"start":{},"end":{}}],"line":392},"88":{"loc":{"start":{"line":405,"column":2},"end":{"line":405,"column":24}},"type":"if","locations":[{"start":{"line":405,"column":2},"end":{"line":405,"column":24}},{"start":{},"end":{}}],"line":405},"89":{"loc":{"start":{"line":409,"column":4},"end":{"line":424,"column":5}},"type":"if","locations":[{"start":{"line":409,"column":4},"end":{"line":424,"column":5}},{"start":{"line":422,"column":11},"end":{"line":424,"column":5}}],"line":409},"90":{"loc":{"start":{"line":416,"column":8},"end":{"line":416,"column":97}},"type":"if","locations":[{"start":{"line":416,"column":8},"end":{"line":416,"column":97}},{"start":{},"end":{}}],"line":416},"91":{"loc":{"start":{"line":432,"column":2},"end":{"line":434,"column":3}},"type":"if","locations":[{"start":{"line":432,"column":2},"end":{"line":434,"column":3}},{"start":{},"end":{}}],"line":432},"92":{"loc":{"start":{"line":432,"column":6},"end":{"line":432,"column":41}},"type":"binary-expr","locations":[{"start":{"line":432,"column":6},"end":{"line":432,"column":18}},{"start":{"line":432,"column":22},"end":{"line":432,"column":28}},{"start":{"line":432,"column":32},"end":{"line":432,"column":41}}],"line":432},"93":{"loc":{"start":{"line":435,"column":2},"end":{"line":437,"column":3}},"type":"if","locations":[{"start":{"line":435,"column":2},"end":{"line":437,"column":3}},{"start":{},"end":{}}],"line":435},"94":{"loc":{"start":{"line":435,"column":6},"end":{"line":435,"column":36}},"type":"binary-expr","locations":[{"start":{"line":435,"column":6},"end":{"line":435,"column":19}},{"start":{"line":435,"column":23},"end":{"line":435,"column":36}}],"line":435},"95":{"loc":{"start":{"line":439,"column":10},"end":{"line":439,"column":33}},"type":"binary-expr","locations":[{"start":{"line":439,"column":10},"end":{"line":439,"column":25}},{"start":{"line":439,"column":29},"end":{"line":439,"column":33}}],"line":439},"96":{"loc":{"start":{"line":460,"column":4},"end":{"line":465,"column":5}},"type":"if","locations":[{"start":{"line":460,"column":4},"end":{"line":465,"column":5}},{"start":{"line":463,"column":11},"end":{"line":465,"column":5}}],"line":460},"97":{"loc":{"start":{"line":476,"column":2},"end":{"line":476,"column":83}},"type":"if","locations":[{"start":{"line":476,"column":2},"end":{"line":476,"column":83}},{"start":{},"end":{}}],"line":476},"98":{"loc":{"start":{"line":483,"column":61},"end":{"line":483,"column":95}},"type":"cond-expr","locations":[{"start":{"line":483,"column":79},"end":{"line":483,"column":86}},{"start":{"line":483,"column":89},"end":{"line":483,"column":95}}],"line":483},"99":{"loc":{"start":{"line":484,"column":67},"end":{"line":484,"column":102}},"type":"cond-expr","locations":[{"start":{"line":484,"column":86},"end":{"line":484,"column":93}},{"start":{"line":484,"column":96},"end":{"line":484,"column":102}}],"line":484},"100":{"loc":{"start":{"line":485,"column":66},"end":{"line":485,"column":100}},"type":"cond-expr","locations":[{"start":{"line":485,"column":84},"end":{"line":485,"column":91}},{"start":{"line":485,"column":94},"end":{"line":485,"column":100}}],"line":485},"101":{"loc":{"start":{"line":486,"column":67},"end":{"line":486,"column":102}},"type":"cond-expr","locations":[{"start":{"line":486,"column":86},"end":{"line":486,"column":93}},{"start":{"line":486,"column":96},"end":{"line":486,"column":102}}],"line":486},"102":{"loc":{"start":{"line":491,"column":2},"end":{"line":491,"column":20}},"type":"if","locations":[{"start":{"line":491,"column":2},"end":{"line":491,"column":20}},{"start":{},"end":{}}],"line":491},"103":{"loc":{"start":{"line":504,"column":2},"end":{"line":504,"column":24}},"type":"if","locations":[{"start":{"line":504,"column":2},"end":{"line":504,"column":24}},{"start":{},"end":{}}],"line":504},"104":{"loc":{"start":{"line":508,"column":4},"end":{"line":523,"column":5}},"type":"if","locations":[{"start":{"line":508,"column":4},"end":{"line":523,"column":5}},{"start":{"line":521,"column":11},"end":{"line":523,"column":5}}],"line":508},"105":{"loc":{"start":{"line":515,"column":8},"end":{"line":515,"column":89}},"type":"if","locations":[{"start":{"line":515,"column":8},"end":{"line":515,"column":89}},{"start":{},"end":{}}],"line":515},"106":{"loc":{"start":{"line":546,"column":20},"end":{"line":546,"column":134}},"type":"cond-expr","locations":[{"start":{"line":546,"column":38},"end":{"line":546,"column":84}},{"start":{"line":546,"column":87},"end":{"line":546,"column":134}}],"line":546},"107":{"loc":{"start":{"line":547,"column":20},"end":{"line":547,"column":134}},"type":"cond-expr","locations":[{"start":{"line":547,"column":38},"end":{"line":547,"column":84}},{"start":{"line":547,"column":87},"end":{"line":547,"column":134}}],"line":547},"108":{"loc":{"start":{"line":548,"column":2},"end":{"line":550,"column":3}},"type":"if","locations":[{"start":{"line":548,"column":2},"end":{"line":550,"column":3}},{"start":{},"end":{}}],"line":548},"109":{"loc":{"start":{"line":548,"column":6},"end":{"line":548,"column":41}},"type":"binary-expr","locations":[{"start":{"line":548,"column":6},"end":{"line":548,"column":15}},{"start":{"line":548,"column":19},"end":{"line":548,"column":25}},{"start":{"line":548,"column":29},"end":{"line":548,"column":41}}],"line":548},"110":{"loc":{"start":{"line":551,"column":2},"end":{"line":553,"column":3}},"type":"if","locations":[{"start":{"line":551,"column":2},"end":{"line":553,"column":3}},{"start":{},"end":{}}],"line":551},"111":{"loc":{"start":{"line":551,"column":6},"end":{"line":551,"column":24}},"type":"binary-expr","locations":[{"start":{"line":551,"column":6},"end":{"line":551,"column":13}},{"start":{"line":551,"column":17},"end":{"line":551,"column":24}}],"line":551},"112":{"loc":{"start":{"line":554,"column":15},"end":{"line":566,"column":3}},"type":"cond-expr","locations":[{"start":{"line":554,"column":33},"end":{"line":560,"column":3}},{"start":{"line":560,"column":6},"end":{"line":566,"column":3}}],"line":554},"113":{"loc":{"start":{"line":561,"column":10},"end":{"line":561,"column":65}},"type":"binary-expr","locations":[{"start":{"line":561,"column":10},"end":{"line":561,"column":57}},{"start":{"line":561,"column":61},"end":{"line":561,"column":65}}],"line":561},"114":{"loc":{"start":{"line":567,"column":19},"end":{"line":567,"column":73}},"type":"cond-expr","locations":[{"start":{"line":567,"column":37},"end":{"line":567,"column":53}},{"start":{"line":567,"column":56},"end":{"line":567,"column":73}}],"line":567},"115":{"loc":{"start":{"line":574,"column":4},"end":{"line":578,"column":69}},"type":"if","locations":[{"start":{"line":574,"column":4},"end":{"line":578,"column":69}},{"start":{"line":578,"column":11},"end":{"line":578,"column":69}}],"line":574},"116":{"loc":{"start":{"line":577,"column":6},"end":{"line":577,"column":68}},"type":"if","locations":[{"start":{"line":577,"column":6},"end":{"line":577,"column":68}},{"start":{"line":577,"column":50},"end":{"line":577,"column":68}}],"line":577},"117":{"loc":{"start":{"line":584,"column":4},"end":{"line":584,"column":57}},"type":"if","locations":[{"start":{"line":584,"column":4},"end":{"line":584,"column":57}},{"start":{},"end":{}}],"line":584},"118":{"loc":{"start":{"line":590,"column":0},"end":{"line":598,"column":1}},"type":"if","locations":[{"start":{"line":590,"column":0},"end":{"line":598,"column":1}},{"start":{},"end":{}}],"line":590},"119":{"loc":{"start":{"line":590,"column":4},"end":{"line":590,"column":51}},"type":"binary-expr","locations":[{"start":{"line":590,"column":4},"end":{"line":590,"column":33}},{"start":{"line":590,"column":37},"end":{"line":590,"column":51}}],"line":590}},"s":{"0":33,"1":33,"2":33,"3":33,"4":33,"5":33,"6":33,"7":33,"8":33,"9":33,"10":33,"11":33,"12":33,"13":33,"14":33,"15":33,"16":33,"17":33,"18":33,"19":33,"20":33,"21":33,"22":33,"23":33,"24":33,"25":33,"26":33,"27":33,"28":33,"29":99,"30":33,"31":33,"32":33,"33":33,"34":33,"35":33,"36":33,"37":33,"38":561,"39":33,"40":33,"41":33,"42":759,"43":363,"44":33,"45":561,"46":3,"47":3,"48":3,"49":1,"50":2,"51":1,"52":1,"53":3,"54":67,"55":33,"56":33,"57":33,"58":33,"59":759,"60":33,"61":33,"62":33,"63":33,"64":33,"65":0,"66":0,"67":0,"68":0,"69":33,"70":0,"71":33,"72":0,"73":0,"74":34,"75":34,"76":34,"77":34,"78":1,"79":334,"80":1,"81":1,"82":33,"83":528,"84":528,"85":11022,"86":34,"87":3,"88":3,"89":3,"90":3,"91":33,"92":99,"93":33,"94":99,"95":33,"96":66,"97":33,"98":33,"99":33,"100":33,"101":33,"102":33,"103":33,"104":33,"105":33,"106":33,"107":33,"108":0,"109":0,"110":0,"111":33,"112":33,"113":33,"114":0,"115":0,"116":0,"117":35,"118":37,"119":3,"120":3,"121":3,"122":3,"123":3,"124":12,"125":12,"126":12,"127":12,"128":12,"129":12,"130":12,"131":12,"132":9,"133":27,"134":3,"135":2,"136":4,"137":2,"138":1,"139":1,"140":3,"141":1,"142":12,"143":23,"144":23,"145":23,"146":23,"147":23,"148":23,"149":23,"150":23,"151":23,"152":23,"153":12,"154":45,"155":45,"156":1,"157":1,"158":1,"159":44,"160":80,"161":80,"162":80,"163":80,"164":80,"165":75,"166":75,"167":5,"168":4,"169":4,"170":1,"171":1,"172":80,"173":80,"174":80,"175":80,"176":1,"177":79,"178":4,"179":75,"180":80,"181":44,"182":6,"183":6,"184":6,"185":6,"186":6,"187":6,"188":6,"189":6,"190":6,"191":6,"192":6,"193":6,"194":6,"195":6,"196":6,"197":6,"198":6,"199":6,"200":6,"201":6,"202":6,"203":0,"204":0,"205":6,"206":6,"207":6,"208":0,"209":6,"210":4,"211":4,"212":4,"213":2,"214":2,"215":2,"216":6,"217":6,"218":6,"219":6,"220":0,"221":0,"222":0,"223":0,"224":0,"225":0,"226":0,"227":0,"228":0,"229":0,"230":0,"231":0,"232":0,"233":0,"234":0,"235":0,"236":0,"237":0,"238":0,"239":0,"240":0,"241":0,"242":0,"243":0,"244":0,"245":0,"246":0,"247":0,"248":0,"249":0,"250":0,"251":0,"252":0,"253":0,"254":0,"255":0,"256":0,"257":0,"258":0,"259":0,"260":0,"261":0,"262":0,"263":0,"264":0,"265":0,"266":2,"267":0,"268":2,"269":2,"270":2,"271":2,"272":2,"273":2,"274":2,"275":0,"276":2,"277":2,"278":2,"279":2,"280":2,"281":2,"282":2,"283":2,"284":2,"285":2,"286":2,"287":2,"288":1,"289":1,"290":1,"291":0,"292":0,"293":0,"294":0,"295":0,"296":0,"297":0,"298":0,"299":0,"300":0,"301":0,"302":0,"303":0,"304":0,"305":0,"306":0,"307":0,"308":0,"309":0,"310":0,"311":0,"312":0,"313":0,"314":0,"315":0,"316":0,"317":0,"318":0,"319":0,"320":0,"321":0,"322":0,"323":0,"324":0,"325":0,"326":0,"327":0,"328":0,"329":0,"330":0,"331":0,"332":0,"333":0,"334":0,"335":0,"336":0,"337":0,"338":0,"339":0,"340":0,"341":0,"342":0,"343":0,"344":0,"345":1,"346":1,"347":1,"348":1,"349":1,"350":1,"351":1,"352":1,"353":1,"354":0,"355":0,"356":0,"357":1,"358":1,"359":0,"360":2,"361":2,"362":2,"363":2,"364":2,"365":0,"366":0,"367":0,"368":0,"369":0,"370":0,"371":0,"372":0,"373":0,"374":0,"375":0,"376":0,"377":0,"378":0,"379":0,"380":0,"381":0,"382":0,"383":0,"384":0,"385":0,"386":0,"387":0,"388":0,"389":0,"390":0,"391":0,"392":0,"393":0,"394":0,"395":0,"396":0,"397":0,"398":0,"399":0,"400":2,"401":6,"402":6,"403":6,"404":2,"405":2,"406":2,"407":2,"408":2,"409":2,"410":2,"411":2,"412":2,"413":2,"414":2,"415":2,"416":2,"417":1,"418":1,"419":1,"420":1,"421":1,"422":0,"423":0,"424":0,"425":0,"426":0,"427":0,"428":0,"429":0,"430":0,"431":0,"432":0,"433":0,"434":0,"435":33,"436":132,"437":0,"438":0,"439":33,"440":0,"441":33,"442":33},"f":{"0":33,"1":99,"2":33,"3":561,"4":33,"5":759,"6":363,"7":561,"8":3,"9":67,"10":33,"11":759,"12":33,"13":0,"14":0,"15":0,"16":34,"17":334,"18":1,"19":11022,"20":3,"21":33,"22":99,"23":99,"24":66,"25":33,"26":33,"27":35,"28":37,"29":3,"30":12,"31":27,"32":4,"33":3,"34":23,"35":45,"36":80,"37":6,"38":0,"39":0,"40":0,"41":0,"42":2,"43":2,"44":0,"45":0,"46":0,"47":0,"48":0,"49":0,"50":0,"51":1,"52":0,"53":2,"54":0,"55":0,"56":0,"57":0,"58":0,"59":2,"60":6,"61":2,"62":0,"63":132,"64":0,"65":0},"b":{"0":[1,2],"1":[1,1],"2":[0,33],"3":[0,0],"4":[0,0],"5":[34,0],"6":[1,33],"7":[0,1],"8":[0,11022],"9":[3,1],"10":[99,33],"11":[66,0],"12":[33,0],"13":[33,0],"14":[33,0],"15":[33,0],"16":[0,33],"17":[0,33],"18":[9,3],"19":[27,9],"20":[2,1],"21":[4,0],"22":[1,0],"23":[23,4,0],"24":[23,4,0],"25":[23,0],"26":[23,6,5,4],"27":[23,4],"28":[23,0],"29":[23,0],"30":[23,4],"31":[23,4],"32":[23,19,17,17,17,16],"33":[1,44],"34":[76,4],"35":[80,5],"36":[4,4],"37":[76,4],"38":[80,5],"39":[41,39],"40":[75,5],"41":[4,1],"42":[1,79],"43":[0,80],"44":[1,79],"45":[4,75],"46":[80,0],"47":[2,4],"48":[4,4],"49":[2,4],"50":[2,4],"51":[2,4],"52":[2,4],"53":[6,0],"54":[6,0],"55":[6,0],"56":[6,0],"57":[6,0],"58":[6,1],"59":[6,0],"60":[6,0],"61":[6,0],"62":[6,0],"63":[0,6],"64":[0,6],"65":[4,2],"66":[0,0],"67":[0,0],"68":[0,0],"69":[0,0],"70":[0,0],"71":[0,0],"72":[0,0],"73":[0,0],"74":[0,0],"75":[0,0],"76":[0,0],"77":[0,0],"78":[0,0],"79":[0,2],"80":[2,2],"81":[0,2],"82":[0,2],"83":[2,0],"84":[2,0],"85":[1,1],"86":[2,1],"87":[0,0],"88":[0,0],"89":[0,0],"90":[0,0],"91":[0,0],"92":[0,0,0],"93":[0,0],"94":[0,0],"95":[0,0],"96":[0,0],"97":[0,1],"98":[1,1],"99":[1,1],"100":[1,1],"101":[1,1],"102":[0,0],"103":[0,0],"104":[0,0],"105":[0,0],"106":[2,0],"107":[2,0],"108":[1,1],"109":[2,1,1],"110":[1,0],"111":[1,0],"112":[0,0],"113":[0,0],"114":[0,0],"115":[0,0],"116":[0,0],"117":[0,0],"118":[33,0],"119":[33,33]},"_coverageSchema":"1a1c01bbd47fc00a2c39e90264f33305004495a9","hash":"cb39862a9fd654439dbc49faf183bfdb8d3b183a"}
}
