TN:
SF:app.js
FN:63,init
FN:67,(anonymous_1)
FN:76,populatePubColors
FN:79,(anonymous_3)
FN:82,populateBreedColorFilters
FN:87,(anonymous_5)
FN:88,(anonymous_6)
FN:90,(anonymous_7)
FN:93,updateBreedsBySpecies
FN:99,(anonymous_9)
FN:102,updatePubBreedsBySpecies
FN:106,(anonymous_11)
FN:109,initComunaDropdown
FN:114,(anonymous_13)
FN:119,(anonymous_14)
FN:120,(anonymous_15)
FN:127,renderComunaList
FN:132,(anonymous_17)
FN:133,(anonymous_18)
FN:137,(anonymous_19)
FN:143,selectComuna
FN:150,updateCounts
FN:151,(anonymous_22)
FN:152,(anonymous_23)
FN:153,(anonymous_24)
FN:160,loadLost
FN:167,loadFound
FN:174,getMockLost
FN:182,getMockFound
FN:189,showSection
FN:197,filterCards
FN:204,(anonymous_31)
FN:205,(anonymous_32)
FN:206,(anonymous_33)
FN:207,(anonymous_34)
FN:222,renderCards
FN:229,(anonymous_36)
FN:268,openDetail
FN:305,(anonymous_38)
FN:319,openGoogleMaps
FN:323,openReportEncounter
FN:355,(anonymous_41)
FN:358,openClaimModal
FN:381,submitClaim
FN:390,previewEncounterPhoto
FN:394,(anonymous_45)
FN:403,searchEncounterLocation
FN:415,(anonymous_47)
FN:420,(anonymous_48)
FN:428,submitEncounter
FN:462,(anonymous_50)
FN:469,openPublish
FN:478,(anonymous_52)
FN:481,togglePubFields
FN:489,previewPhoto
FN:493,(anonymous_55)
FN:502,searchLocation
FN:514,(anonymous_57)
FN:519,(anonymous_58)
FN:527,closeModal
FN:529,showMsg
FN:535,publishPet
FN:576,(anonymous_62)
FN:582,(anonymous_63)
FN:583,(anonymous_64)
FN:588,(anonymous_65)
FNF:66
FNH:43
FNDA:33,init
FNDA:99,(anonymous_1)
FNDA:33,populatePubColors
FNDA:561,(anonymous_3)
FNDA:33,populateBreedColorFilters
FNDA:759,(anonymous_5)
FNDA:363,(anonymous_6)
FNDA:561,(anonymous_7)
FNDA:3,updateBreedsBySpecies
FNDA:67,(anonymous_9)
FNDA:33,updatePubBreedsBySpecies
FNDA:759,(anonymous_11)
FNDA:33,initComunaDropdown
FNDA:0,(anonymous_13)
FNDA:0,(anonymous_14)
FNDA:0,(anonymous_15)
FNDA:34,renderComunaList
FNDA:334,(anonymous_17)
FNDA:1,(anonymous_18)
FNDA:11022,(anonymous_19)
FNDA:3,selectComuna
FNDA:33,updateCounts
FNDA:99,(anonymous_22)
FNDA:99,(anonymous_23)
FNDA:66,(anonymous_24)
FNDA:33,loadLost
FNDA:33,loadFound
FNDA:35,getMockLost
FNDA:37,getMockFound
FNDA:3,showSection
FNDA:12,filterCards
FNDA:27,(anonymous_31)
FNDA:4,(anonymous_32)
FNDA:3,(anonymous_33)
FNDA:23,(anonymous_34)
FNDA:45,renderCards
FNDA:80,(anonymous_36)
FNDA:6,openDetail
FNDA:0,(anonymous_38)
FNDA:0,openGoogleMaps
FNDA:0,openReportEncounter
FNDA:0,(anonymous_41)
FNDA:2,openClaimModal
FNDA:2,submitClaim
FNDA:0,previewEncounterPhoto
FNDA:0,(anonymous_45)
FNDA:0,searchEncounterLocation
FNDA:0,(anonymous_47)
FNDA:0,(anonymous_48)
FNDA:0,submitEncounter
FNDA:0,(anonymous_50)
FNDA:1,openPublish
FNDA:0,(anonymous_52)
FNDA:2,togglePubFields
FNDA:0,previewPhoto
FNDA:0,(anonymous_55)
FNDA:0,searchLocation
FNDA:0,(anonymous_57)
FNDA:0,(anonymous_58)
FNDA:2,closeModal
FNDA:6,showMsg
FNDA:2,publishPet
FNDA:0,(anonymous_62)
FNDA:132,(anonymous_63)
FNDA:0,(anonymous_64)
FNDA:0,(anonymous_65)
DA:1,33
DA:2,33
DA:3,33
DA:4,33
DA:5,33
DA:6,33
DA:7,33
DA:8,33
DA:9,33
DA:10,33
DA:11,33
DA:12,33
DA:13,33
DA:14,33
DA:15,33
DA:16,33
DA:17,33
DA:18,33
DA:19,33
DA:20,33
DA:22,33
DA:41,33
DA:43,33
DA:51,33
DA:57,33
DA:64,33
DA:65,33
DA:66,33
DA:67,99
DA:68,33
DA:69,33
DA:70,33
DA:71,33
DA:72,33
DA:73,33
DA:77,33
DA:78,33
DA:79,561
DA:83,33
DA:84,33
DA:85,33
DA:87,759
DA:88,363
DA:90,561
DA:94,3
DA:95,3
DA:96,3
DA:97,2
DA:98,1
DA:99,67
DA:103,33
DA:104,33
DA:105,33
DA:106,759
DA:110,33
DA:111,33
DA:112,33
DA:113,33
DA:114,33
DA:115,0
DA:116,0
DA:117,0
DA:119,33
DA:120,33
DA:121,0
DA:122,0
DA:128,34
DA:129,34
DA:130,34
DA:131,34
DA:132,334
DA:133,1
DA:135,33
DA:136,528
DA:137,11022
DA:140,34
DA:144,3
DA:145,3
DA:146,3
DA:147,3
DA:151,99
DA:152,99
DA:153,66
DA:154,33
DA:155,33
DA:156,33
DA:157,33
DA:161,33
DA:162,33
DA:163,33
DA:168,33
DA:169,33
DA:170,33
DA:175,35
DA:183,37
DA:190,3
DA:191,3
DA:192,3
DA:193,3
DA:194,3
DA:198,12
DA:199,12
DA:200,12
DA:201,12
DA:202,12
DA:203,12
DA:204,27
DA:205,4
DA:206,3
DA:207,12
DA:208,23
DA:209,23
DA:210,23
DA:211,23
DA:212,23
DA:213,23
DA:214,23
DA:215,23
DA:216,23
DA:217,23
DA:219,12
DA:223,45
DA:224,45
DA:225,1
DA:226,1
DA:227,1
DA:229,44
DA:230,80
DA:231,80
DA:232,80
DA:233,80
DA:235,80
DA:236,5
DA:237,1
DA:238,80
DA:239,80
DA:240,80
DA:244,80
DA:245,79
DA:246,75
DA:247,80
DA:265,44
DA:269,6
DA:270,6
DA:271,6
DA:272,6
DA:273,6
DA:274,6
DA:275,6
DA:276,6
DA:277,6
DA:278,6
DA:279,6
DA:280,6
DA:281,6
DA:282,6
DA:283,6
DA:284,6
DA:285,6
DA:286,6
DA:287,6
DA:288,6
DA:289,6
DA:290,6
DA:291,6
DA:292,6
DA:293,0
DA:294,6
DA:295,4
DA:296,4
DA:297,4
DA:299,2
DA:300,2
DA:301,2
DA:303,6
DA:304,6
DA:305,6
DA:306,0
DA:307,0
DA:308,0
DA:309,0
DA:310,0
DA:311,0
DA:312,0
DA:314,0
DA:320,0
DA:324,0
DA:325,0
DA:326,0
DA:327,0
DA:328,0
DA:329,0
DA:330,0
DA:331,0
DA:332,0
DA:334,0
DA:336,0
DA:337,0
DA:338,0
DA:339,0
DA:340,0
DA:341,0
DA:342,0
DA:343,0
DA:344,0
DA:345,0
DA:346,0
DA:347,0
DA:348,0
DA:349,0
DA:350,0
DA:351,0
DA:352,0
DA:353,0
DA:354,0
DA:355,0
DA:359,2
DA:360,2
DA:361,2
DA:362,2
DA:363,2
DA:364,2
DA:365,2
DA:366,2
DA:367,0
DA:369,2
DA:371,2
DA:372,2
DA:373,2
DA:374,2
DA:375,2
DA:376,2
DA:377,2
DA:378,2
DA:382,2
DA:383,2
DA:384,2
DA:385,1
DA:387,1
DA:391,0
DA:392,0
DA:393,0
DA:394,0
DA:395,0
DA:396,0
DA:397,0
DA:398,0
DA:400,0
DA:404,0
DA:405,0
DA:406,0
DA:407,0
DA:408,0
DA:409,0
DA:410,0
DA:411,0
DA:412,0
DA:413,0
DA:414,0
DA:415,0
DA:416,0
DA:417,0
DA:418,0
DA:419,0
DA:420,0
DA:423,0
DA:425,0
DA:429,0
DA:430,0
DA:431,0
DA:432,0
DA:433,0
DA:435,0
DA:436,0
DA:438,0
DA:454,0
DA:455,0
DA:460,0
DA:461,0
DA:462,0
DA:464,0
DA:466,0
DA:470,1
DA:471,1
DA:472,1
DA:473,1
DA:474,1
DA:475,1
DA:476,1
DA:477,1
DA:478,1
DA:482,2
DA:483,2
DA:484,2
DA:485,2
DA:486,2
DA:490,0
DA:491,0
DA:492,0
DA:493,0
DA:494,0
DA:495,0
DA:496,0
DA:497,0
DA:499,0
DA:503,0
DA:504,0
DA:505,0
DA:506,0
DA:507,0
DA:508,0
DA:509,0
DA:510,0
DA:511,0
DA:512,0
DA:513,0
DA:514,0
DA:515,0
DA:516,0
DA:517,0
DA:518,0
DA:519,0
DA:522,0
DA:524,0
DA:527,2
DA:530,6
DA:531,6
DA:532,6
DA:536,2
DA:537,2
DA:538,2
DA:539,2
DA:540,2
DA:541,2
DA:542,2
DA:543,2
DA:544,2
DA:545,2
DA:546,2
DA:547,2
DA:548,2
DA:549,1
DA:551,1
DA:552,1
DA:554,0
DA:567,0
DA:568,0
DA:569,0
DA:574,0
DA:575,0
DA:576,0
DA:577,0
DA:578,0
DA:579,0
DA:582,33
DA:583,132
DA:584,0
DA:588,33
DA:590,33
DA:591,33
LF:360
LH:232
BRDA:96,0,0,1
BRDA:96,0,1,2
BRDA:97,1,0,1
BRDA:97,1,1,1
BRDA:104,2,0,0
BRDA:104,2,1,33
BRDA:117,3,0,0
BRDA:117,3,1,0
BRDA:121,4,0,0
BRDA:121,4,1,0
BRDA:130,5,0,34
BRDA:130,5,1,0
BRDA:131,6,0,1
BRDA:131,6,1,33
BRDA:133,7,0,0
BRDA:133,7,1,1
BRDA:137,8,0,0
BRDA:137,8,1,11022
BRDA:145,9,0,3
BRDA:145,9,1,1
BRDA:151,10,0,99
BRDA:151,10,1,33
BRDA:153,11,0,66
BRDA:153,11,1,0
BRDA:154,12,0,33
BRDA:154,12,1,0
BRDA:155,13,0,33
BRDA:155,13,1,0
BRDA:156,14,0,33
BRDA:156,14,1,0
BRDA:157,15,0,33
BRDA:157,15,1,0
BRDA:163,16,0,0
BRDA:163,16,1,33
BRDA:170,17,0,0
BRDA:170,17,1,33
BRDA:204,18,0,9
BRDA:204,18,1,3
BRDA:204,19,0,27
BRDA:204,19,1,9
BRDA:205,20,0,2
BRDA:205,20,1,1
BRDA:205,21,0,4
BRDA:205,21,1,0
BRDA:206,22,0,1
BRDA:206,22,1,0
BRDA:208,23,0,23
BRDA:208,23,1,4
BRDA:208,23,2,0
BRDA:209,24,0,23
BRDA:209,24,1,4
BRDA:209,24,2,0
BRDA:210,25,0,23
BRDA:210,25,1,0
BRDA:211,26,0,23
BRDA:211,26,1,6
BRDA:211,26,2,5
BRDA:211,26,3,4
BRDA:212,27,0,23
BRDA:212,27,1,4
BRDA:213,28,0,23
BRDA:213,28,1,0
BRDA:214,29,0,23
BRDA:214,29,1,0
BRDA:215,30,0,23
BRDA:215,30,1,4
BRDA:216,31,0,23
BRDA:216,31,1,4
BRDA:217,32,0,23
BRDA:217,32,1,19
BRDA:217,32,2,17
BRDA:217,32,3,17
BRDA:217,32,4,17
BRDA:217,32,5,16
BRDA:224,33,0,1
BRDA:224,33,1,44
BRDA:230,34,0,76
BRDA:230,34,1,4
BRDA:230,35,0,80
BRDA:230,35,1,5
BRDA:230,36,0,4
BRDA:230,36,1,4
BRDA:231,37,0,76
BRDA:231,37,1,4
BRDA:231,38,0,80
BRDA:231,38,1,5
BRDA:233,39,0,41
BRDA:233,39,1,39
BRDA:235,40,0,75
BRDA:235,40,1,5
BRDA:236,41,0,4
BRDA:236,41,1,1
BRDA:239,42,0,1
BRDA:239,42,1,79
BRDA:240,43,0,0
BRDA:240,43,1,80
BRDA:244,44,0,1
BRDA:244,44,1,79
BRDA:245,45,0,4
BRDA:245,45,1,75
BRDA:258,46,0,80
BRDA:258,46,1,0
BRDA:272,47,0,2
BRDA:272,47,1,4
BRDA:272,48,0,4
BRDA:272,48,1,4
BRDA:273,49,0,2
BRDA:273,49,1,4
BRDA:274,50,0,2
BRDA:274,50,1,4
BRDA:275,51,0,2
BRDA:275,51,1,4
BRDA:276,52,0,2
BRDA:276,52,1,4
BRDA:277,53,0,6
BRDA:277,53,1,0
BRDA:278,54,0,6
BRDA:278,54,1,0
BRDA:279,55,0,6
BRDA:279,55,1,0
BRDA:280,56,0,6
BRDA:280,56,1,0
BRDA:281,57,0,6
BRDA:281,57,1,0
BRDA:282,58,0,6
BRDA:282,58,1,1
BRDA:283,59,0,6
BRDA:283,59,1,0
BRDA:284,60,0,6
BRDA:284,60,1,0
BRDA:285,61,0,6
BRDA:285,61,1,0
BRDA:286,62,0,6
BRDA:286,62,1,0
BRDA:289,63,0,0
BRDA:289,63,1,6
BRDA:292,64,0,0
BRDA:292,64,1,6
BRDA:294,65,0,4
BRDA:294,65,1,2
BRDA:306,66,0,0
BRDA:306,66,1,0
BRDA:308,67,0,0
BRDA:308,67,1,0
BRDA:308,68,0,0
BRDA:308,68,1,0
BRDA:320,69,0,0
BRDA:320,69,1,0
BRDA:320,70,0,0
BRDA:320,70,1,0
BRDA:324,71,0,0
BRDA:324,71,1,0
BRDA:326,72,0,0
BRDA:326,72,1,0
BRDA:329,73,0,0
BRDA:329,73,1,0
BRDA:331,74,0,0
BRDA:331,74,1,0
BRDA:336,75,0,0
BRDA:336,75,1,0
BRDA:338,76,0,0
BRDA:338,76,1,0
BRDA:339,77,0,0
BRDA:339,77,1,0
BRDA:352,78,0,0
BRDA:352,78,1,0
BRDA:359,79,0,0
BRDA:359,79,1,2
BRDA:361,80,0,2
BRDA:361,80,1,2
BRDA:364,81,0,0
BRDA:364,81,1,2
BRDA:366,82,0,0
BRDA:366,82,1,2
BRDA:373,83,0,2
BRDA:373,83,1,0
BRDA:374,84,0,2
BRDA:374,84,1,0
BRDA:384,85,0,1
BRDA:384,85,1,1
BRDA:384,86,0,2
BRDA:384,86,1,1
BRDA:392,87,0,0
BRDA:392,87,1,0
BRDA:405,88,0,0
BRDA:405,88,1,0
BRDA:409,89,0,0
BRDA:409,89,1,0
BRDA:416,90,0,0
BRDA:416,90,1,0
BRDA:432,91,0,0
BRDA:432,91,1,0
BRDA:432,92,0,0
BRDA:432,92,1,0
BRDA:432,92,2,0
BRDA:435,93,0,0
BRDA:435,93,1,0
BRDA:435,94,0,0
BRDA:435,94,1,0
BRDA:439,95,0,0
BRDA:439,95,1,0
BRDA:460,96,0,0
BRDA:460,96,1,0
BRDA:476,97,0,0
BRDA:476,97,1,1
BRDA:483,98,0,1
BRDA:483,98,1,1
BRDA:484,99,0,1
BRDA:484,99,1,1
BRDA:485,100,0,1
BRDA:485,100,1,1
BRDA:486,101,0,1
BRDA:486,101,1,1
BRDA:491,102,0,0
BRDA:491,102,1,0
BRDA:504,103,0,0
BRDA:504,103,1,0
BRDA:508,104,0,0
BRDA:508,104,1,0
BRDA:515,105,0,0
BRDA:515,105,1,0
BRDA:546,106,0,2
BRDA:546,106,1,0
BRDA:547,107,0,2
BRDA:547,107,1,0
BRDA:548,108,0,1
BRDA:548,108,1,1
BRDA:548,109,0,2
BRDA:548,109,1,1
BRDA:548,109,2,1
BRDA:551,110,0,1
BRDA:551,110,1,0
BRDA:551,111,0,1
BRDA:551,111,1,0
BRDA:554,112,0,0
BRDA:554,112,1,0
BRDA:561,113,0,0
BRDA:561,113,1,0
BRDA:567,114,0,0
BRDA:567,114,1,0
BRDA:574,115,0,0
BRDA:574,115,1,0
BRDA:577,116,0,0
BRDA:577,116,1,0
BRDA:584,117,0,0
BRDA:584,117,1,0
BRDA:590,118,0,33
BRDA:590,118,1,0
BRDA:590,119,0,33
BRDA:590,119,1,33
BRF:250
BRH:137
end_of_record
